{"total": {"lines":{"total":1085,"covered":901,"skipped":0,"pct":83.04},"statements":{"total":1224,"covered":997,"skipped":0,"pct":81.45},"functions":{"total":479,"covered":388,"skipped":0,"pct":81},"branches":{"total":767,"covered":532,"skipped":0,"pct":69.36},"branchesTrue":{"total":0,"covered":0,"skipped":0,"pct":100}}
,"C:\\Users\\abel1\\OneDrive\\Documents\\School\\SWEN661\\Team E-Echo\\AI\\Week 5\\CareConnect-ADHD-\\apps\\react-mobile\\src\\test-utils.tsx": {"lines":{"total":2,"covered":2,"skipped":0,"pct":100},"functions":{"total":1,"covered":1,"skipped":0,"pct":100},"statements":{"total":2,"covered":2,"skipped":0,"pct":100},"branches":{"total":0,"covered":0,"skipped":0,"pct":100}}
,"C:\\Users\\abel1\\OneDrive\\Documents\\School\\SWEN661\\Team E-Echo\\AI\\Week 5\\CareConnect-ADHD-\\apps\\react-mobile\\src\\core\\components\\AlertCard.tsx": {"lines":{"total":4,"covered":4,"skipped":0,"pct":100},"functions":{"total":2,"covered":2,"skipped":0,"pct":100},"statements":{"total":4,"covered":4,"skipped":0,"pct":100},"branches":{"total":8,"covered":4,"skipped":0,"pct":50}}
,"C:\\Users\\abel1\\OneDrive\\Documents\\School\\SWEN661\\Team E-Echo\\AI\\Week 5\\CareConnect-ADHD-\\apps\\react-mobile\\src\\core\\components\\AutosaveIndicator.tsx": {"lines":{"total":8,"covered":8,"skipped":0,"pct":100},"functions":{"total":1,"covered":1,"skipped":0,"pct":100},"statements":{"total":8,"covered":8,"skipped":0,"pct":100},"branches":{"total":8,"covered":8,"skipped":0,"pct":100}}
,"C:\\Users\\abel1\\OneDrive\\Documents\\School\\SWEN661\\Team E-Echo\\AI\\Week 5\\CareConnect-ADHD-\\apps\\react-mobile\\src\\core\\components\\CallContactButton.tsx": {"lines":{"total":12,"covered":6,"skipped":0,"pct":50},"functions":{"total":7,"covered":1,"skipped":0,"pct":14.28},"statements":{"total":12,"covered":6,"skipped":0,"pct":50},"branches":{"total":0,"covered":0,"skipped":0,"pct":100}}
,"C:\\Users\\abel1\\OneDrive\\Documents\\School\\SWEN661\\Team E-Echo\\AI\\Week 5\\CareConnect-ADHD-\\apps\\react-mobile\\src\\core\\components\\CcAppBar.tsx": {"lines":{"total":4,"covered":4,"skipped":0,"pct":100},"functions":{"total":1,"covered":1,"skipped":0,"pct":100},"statements":{"total":4,"covered":4,"skipped":0,"pct":100},"branches":{"total":8,"covered":8,"skipped":0,"pct":100}}
,"C:\\Users\\abel1\\OneDrive\\Documents\\School\\SWEN661\\Team E-Echo\\AI\\Week 5\\CareConnect-ADHD-\\apps\\react-mobile\\src\\core\\components\\CcListItem.tsx": {"lines":{"total":5,"covered":5,"skipped":0,"pct":100},"functions":{"total":2,"covered":2,"skipped":0,"pct":100},"statements":{"total":5,"covered":5,"skipped":0,"pct":100},"branches":{"total":17,"covered":13,"skipped":0,"pct":76.47}}
,"C:\\Users\\abel1\\OneDrive\\Documents\\School\\SWEN661\\Team E-Echo\\AI\\Week 5\\CareConnect-ADHD-\\apps\\react-mobile\\src\\core\\components\\CcTextField.tsx": {"lines":{"total":6,"covered":6,"skipped":0,"pct":100},"functions":{"total":1,"covered":1,"skipped":0,"pct":100},"statements":{"total":6,"covered":6,"skipped":0,"pct":100},"branches":{"total":26,"covered":20,"skipped":0,"pct":76.92}}
,"C:\\Users\\abel1\\OneDrive\\Documents\\School\\SWEN661\\Team E-Echo\\AI\\Week 5\\CareConnect-ADHD-\\apps\\react-mobile\\src\\core\\components\\ChoiceGroup.tsx": {"lines":{"total":8,"covered":8,"skipped":0,"pct":100},"functions":{"total":4,"covered":4,"skipped":0,"pct":100},"statements":{"total":8,"covered":8,"skipped":0,"pct":100},"branches":{"total":15,"covered":14,"skipped":0,"pct":93.33}}
,"C:\\Users\\abel1\\OneDrive\\Documents\\School\\SWEN661\\Team E-Echo\\AI\\Week 5\\CareConnect-ADHD-\\apps\\react-mobile\\src\\core\\components\\DoseCard.tsx": {"lines":{"total":4,"covered":4,"skipped":0,"pct":100},"functions":{"total":2,"covered":2,"skipped":0,"pct":100},"statements":{"total":4,"covered":4,"skipped":0,"pct":100},"branches":{"total":11,"covered":7,"skipped":0,"pct":63.63}}
,"C:\\Users\\abel1\\OneDrive\\Documents\\School\\SWEN661\\Team E-Echo\\AI\\Week 5\\CareConnect-ADHD-\\apps\\react-mobile\\src\\core\\components\\EmptyState.tsx": {"lines":{"total":3,"covered":3,"skipped":0,"pct":100},"functions":{"total":1,"covered":1,"skipped":0,"pct":100},"statements":{"total":3,"covered":3,"skipped":0,"pct":100},"branches":{"total":2,"covered":1,"skipped":0,"pct":50}}
,"C:\\Users\\abel1\\OneDrive\\Documents\\School\\SWEN661\\Team E-Echo\\AI\\Week 5\\CareConnect-ADHD-\\apps\\react-mobile\\src\\core\\components\\OrientationBar.tsx": {"lines":{"total":4,"covered":4,"skipped":0,"pct":100},"functions":{"total":1,"covered":1,"skipped":0,"pct":100},"statements":{"total":4,"covered":4,"skipped":0,"pct":100},"branches":{"total":0,"covered":0,"skipped":0,"pct":100}}
,"C:\\Users\\abel1\\OneDrive\\Documents\\School\\SWEN661\\Team E-Echo\\AI\\Week 5\\CareConnect-ADHD-\\apps\\react-mobile\\src\\core\\components\\Responsive.tsx": {"lines":{"total":13,"covered":12,"skipped":0,"pct":92.3},"functions":{"total":4,"covered":4,"skipped":0,"pct":100},"statements":{"total":13,"covered":12,"skipped":0,"pct":92.3},"branches":{"total":10,"covered":9,"skipped":0,"pct":90}}
,"C:\\Users\\abel1\\OneDrive\\Documents\\School\\SWEN661\\Team E-Echo\\AI\\Week 5\\CareConnect-ADHD-\\apps\\react-mobile\\src\\core\\components\\SectionHeading.tsx": {"lines":{"total":3,"covered":3,"skipped":0,"pct":100},"functions":{"total":1,"covered":1,"skipped":0,"pct":100},"statements":{"total":3,"covered":3,"skipped":0,"pct":100},"branches":{"total":3,"covered":2,"skipped":0,"pct":66.66}}
,"C:\\Users\\abel1\\OneDrive\\Documents\\School\\SWEN661\\Team E-Echo\\AI\\Week 5\\CareConnect-ADHD-\\apps\\react-mobile\\src\\core\\components\\StatusChip.tsx": {"lines":{"total":6,"covered":6,"skipped":0,"pct":100},"functions":{"total":2,"covered":2,"skipped":0,"pct":100},"statements":{"total":6,"covered":6,"skipped":0,"pct":100},"branches":{"total":2,"covered":2,"skipped":0,"pct":100}}
,"C:\\Users\\abel1\\OneDrive\\Documents\\School\\SWEN661\\Team E-Echo\\AI\\Week 5\\CareConnect-ADHD-\\apps\\react-mobile\\src\\core\\components\\StepIndicator.tsx": {"lines":{"total":5,"covered":5,"skipped":0,"pct":100},"functions":{"total":1,"covered":1,"skipped":0,"pct":100},"statements":{"total":5,"covered":5,"skipped":0,"pct":100},"branches":{"total":2,"covered":2,"skipped":0,"pct":100}}
,"C:\\Users\\abel1\\OneDrive\\Documents\\School\\SWEN661\\Team E-Echo\\AI\\Week 5\\CareConnect-ADHD-\\apps\\react-mobile\\src\\core\\components\\UndoSnackbar.tsx": {"lines":{"total":20,"covered":15,"skipped":0,"pct":75},"functions":{"total":8,"covered":5,"skipped":0,"pct":62.5},"statements":{"total":24,"covered":18,"skipped":0,"pct":75},"branches":{"total":10,"covered":8,"skipped":0,"pct":80}}
,"C:\\Users\\abel1\\OneDrive\\Documents\\School\\SWEN661\\Team E-Echo\\AI\\Week 5\\CareConnect-ADHD-\\apps\\react-mobile\\src\\core\\components\\doseStatus.ts": {"lines":{"total":22,"covered":20,"skipped":0,"pct":90.9},"functions":{"total":4,"covered":4,"skipped":0,"pct":100},"statements":{"total":22,"covered":20,"skipped":0,"pct":90.9},"branches":{"total":19,"covered":16,"skipped":0,"pct":84.21}}
,"C:\\Users\\abel1\\OneDrive\\Documents\\School\\SWEN661\\Team E-Echo\\AI\\Week 5\\CareConnect-ADHD-\\apps\\react-mobile\\src\\core\\components\\index.ts": {"lines":{"total":0,"covered":0,"skipped":0,"pct":0},"functions":{"total":0,"covered":0,"skipped":0,"pct":0},"statements":{"total":0,"covered":0,"skipped":0,"pct":0},"branches":{"total":0,"covered":0,"skipped":0,"pct":0}}
,"C:\\Users\\abel1\\OneDrive\\Documents\\School\\SWEN661\\Team E-Echo\\AI\\Week 5\\CareConnect-ADHD-\\apps\\react-mobile\\src\\core\\theme\\ThemeContext.tsx": {"lines":{"total":16,"covered":15,"skipped":0,"pct":93.75},"functions":{"total":5,"covered":5,"skipped":0,"pct":100},"statements":{"total":18,"covered":17,"skipped":0,"pct":94.44},"branches":{"total":12,"covered":10,"skipped":0,"pct":83.33}}
,"C:\\Users\\abel1\\OneDrive\\Documents\\School\\SWEN661\\Team E-Echo\\AI\\Week 5\\CareConnect-ADHD-\\apps\\react-mobile\\src\\core\\theme\\colors.ts": {"lines":{"total":3,"covered":3,"skipped":0,"pct":100},"functions":{"total":0,"covered":0,"skipped":0,"pct":100},"statements":{"total":3,"covered":3,"skipped":0,"pct":100},"branches":{"total":0,"covered":0,"skipped":0,"pct":100}}
,"C:\\Users\\abel1\\OneDrive\\Documents\\School\\SWEN661\\Team E-Echo\\AI\\Week 5\\CareConnect-ADHD-\\apps\\react-mobile\\src\\core\\theme\\spacing.ts": {"lines":{"total":4,"covered":4,"skipped":0,"pct":100},"functions":{"total":0,"covered":0,"skipped":0,"pct":100},"statements":{"total":4,"covered":4,"skipped":0,"pct":100},"branches":{"total":0,"covered":0,"skipped":0,"pct":100}}
,"C:\\Users\\abel1\\OneDrive\\Documents\\School\\SWEN661\\Team E-Echo\\AI\\Week 5\\CareConnect-ADHD-\\apps\\react-mobile\\src\\core\\theme\\typography.ts": {"lines":{"total":3,"covered":3,"skipped":0,"pct":100},"functions":{"total":2,"covered":2,"skipped":0,"pct":100},"statements":{"total":3,"covered":3,"skipped":0,"pct":100},"branches":{"total":0,"covered":0,"skipped":0,"pct":100}}
,"C:\\Users\\abel1\\OneDrive\\Documents\\School\\SWEN661\\Team E-Echo\\AI\\Week 5\\CareConnect-ADHD-\\apps\\react-mobile\\src\\core\\utils\\clock.ts": {"lines":{"total":4,"covered":3,"skipped":0,"pct":75},"functions":{"total":4,"covered":3,"skipped":0,"pct":75},"statements":{"total":4,"covered":3,"skipped":0,"pct":75},"branches":{"total":4,"covered":0,"skipped":0,"pct":0}}
,"C:\\Users\\abel1\\OneDrive\\Documents\\School\\SWEN661\\Team E-Echo\\AI\\Week 5\\CareConnect-ADHD-\\apps\\react-mobile\\src\\core\\utils\\contrast.ts": {"lines":{"total":20,"covered":20,"skipped":0,"pct":100},"functions":{"total":6,"covered":6,"skipped":0,"pct":100},"statements":{"total":20,"covered":20,"skipped":0,"pct":100},"branches":{"total":9,"covered":9,"skipped":0,"pct":100}}
,"C:\\Users\\abel1\\OneDrive\\Documents\\School\\SWEN661\\Team E-Echo\\AI\\Week 5\\CareConnect-ADHD-\\apps\\react-mobile\\src\\core\\utils\\dateFormatting.ts": {"lines":{"total":53,"covered":53,"skipped":0,"pct":100},"functions":{"total":13,"covered":13,"skipped":0,"pct":100},"statements":{"total":54,"covered":54,"skipped":0,"pct":100},"branches":{"total":42,"covered":42,"skipped":0,"pct":100}}
,"C:\\Users\\abel1\\OneDrive\\Documents\\School\\SWEN661\\Team E-Echo\\AI\\Week 5\\CareConnect-ADHD-\\apps\\react-mobile\\src\\core\\utils\\ids.ts": {"lines":{"total":5,"covered":5,"skipped":0,"pct":100},"functions":{"total":3,"covered":3,"skipped":0,"pct":100},"statements":{"total":5,"covered":5,"skipped":0,"pct":100},"branches":{"total":1,"covered":1,"skipped":0,"pct":100}}
,"C:\\Users\\abel1\\OneDrive\\Documents\\School\\SWEN661\\Team E-Echo\\AI\\Week 5\\CareConnect-ADHD-\\apps\\react-mobile\\src\\data\\localStore.ts": {"lines":{"total":17,"covered":17,"skipped":0,"pct":100},"functions":{"total":5,"covered":5,"skipped":0,"pct":100},"statements":{"total":19,"covered":19,"skipped":0,"pct":100},"branches":{"total":11,"covered":11,"skipped":0,"pct":100}}
,"C:\\Users\\abel1\\OneDrive\\Documents\\School\\SWEN661\\Team E-Echo\\AI\\Week 5\\CareConnect-ADHD-\\apps\\react-mobile\\src\\data\\mockData.ts": {"lines":{"total":13,"covered":13,"skipped":0,"pct":100},"functions":{"total":3,"covered":3,"skipped":0,"pct":100},"statements":{"total":13,"covered":13,"skipped":0,"pct":100},"branches":{"total":0,"covered":0,"skipped":0,"pct":100}}
,"C:\\Users\\abel1\\OneDrive\\Documents\\School\\SWEN661\\Team E-Echo\\AI\\Week 5\\CareConnect-ADHD-\\apps\\react-mobile\\src\\models\\domain.ts": {"lines":{"total":16,"covered":14,"skipped":0,"pct":87.5},"functions":{"total":19,"covered":17,"skipped":0,"pct":89.47},"statements":{"total":20,"covered":18,"skipped":0,"pct":90},"branches":{"total":23,"covered":17,"skipped":0,"pct":73.91}}
,"C:\\Users\\abel1\\OneDrive\\Documents\\School\\SWEN661\\Team E-Echo\\AI\\Week 5\\CareConnect-ADHD-\\apps\\react-mobile\\src\\models\\serialization.ts": {"lines":{"total":27,"covered":24,"skipped":0,"pct":88.88},"functions":{"total":27,"covered":24,"skipped":0,"pct":88.88},"statements":{"total":27,"covered":24,"skipped":0,"pct":88.88},"branches":{"total":66,"covered":35,"skipped":0,"pct":53.03}}
,"C:\\Users\\abel1\\OneDrive\\Documents\\School\\SWEN661\\Team E-Echo\\AI\\Week 5\\CareConnect-ADHD-\\apps\\react-mobile\\src\\models\\types.ts": {"lines":{"total":22,"covered":16,"skipped":0,"pct":72.72},"functions":{"total":11,"covered":9,"skipped":0,"pct":81.81},"statements":{"total":22,"covered":16,"skipped":0,"pct":72.72},"branches":{"total":27,"covered":16,"skipped":0,"pct":59.25}}
,"C:\\Users\\abel1\\OneDrive\\Documents\\School\\SWEN661\\Team E-Echo\\AI\\Week 5\\CareConnect-ADHD-\\apps\\react-mobile\\src\\navigation\\CaregiverTabNavigator.tsx": {"lines":{"total":15,"covered":0,"skipped":0,"pct":0},"functions":{"total":9,"covered":0,"skipped":0,"pct":0},"statements":{"total":15,"covered":0,"skipped":0,"pct":0},"branches":{"total":4,"covered":0,"skipped":0,"pct":0}}
,"C:\\Users\\abel1\\OneDrive\\Documents\\School\\SWEN661\\Team E-Echo\\AI\\Week 5\\CareConnect-ADHD-\\apps\\react-mobile\\src\\navigation\\ManageStackNavigator.tsx": {"lines":{"total":2,"covered":0,"skipped":0,"pct":0},"functions":{"total":1,"covered":0,"skipped":0,"pct":0},"statements":{"total":2,"covered":0,"skipped":0,"pct":0},"branches":{"total":0,"covered":0,"skipped":0,"pct":100}}
,"C:\\Users\\abel1\\OneDrive\\Documents\\School\\SWEN661\\Team E-Echo\\AI\\Week 5\\CareConnect-ADHD-\\apps\\react-mobile\\src\\navigation\\MedicationsStackNavigator.tsx": {"lines":{"total":2,"covered":0,"skipped":0,"pct":0},"functions":{"total":1,"covered":0,"skipped":0,"pct":0},"statements":{"total":2,"covered":0,"skipped":0,"pct":0},"branches":{"total":0,"covered":0,"skipped":0,"pct":100}}
,"C:\\Users\\abel1\\OneDrive\\Documents\\School\\SWEN661\\Team E-Echo\\AI\\Week 5\\CareConnect-ADHD-\\apps\\react-mobile\\src\\navigation\\PatientTabNavigator.tsx": {"lines":{"total":15,"covered":0,"skipped":0,"pct":0},"functions":{"total":9,"covered":0,"skipped":0,"pct":0},"statements":{"total":15,"covered":0,"skipped":0,"pct":0},"branches":{"total":4,"covered":0,"skipped":0,"pct":0}}
,"C:\\Users\\abel1\\OneDrive\\Documents\\School\\SWEN661\\Team E-Echo\\AI\\Week 5\\CareConnect-ADHD-\\apps\\react-mobile\\src\\navigation\\RootNavigator.tsx": {"lines":{"total":4,"covered":0,"skipped":0,"pct":0},"functions":{"total":2,"covered":0,"skipped":0,"pct":0},"statements":{"total":5,"covered":0,"skipped":0,"pct":0},"branches":{"total":4,"covered":0,"skipped":0,"pct":0}}
,"C:\\Users\\abel1\\OneDrive\\Documents\\School\\SWEN661\\Team E-Echo\\AI\\Week 5\\CareConnect-ADHD-\\apps\\react-mobile\\src\\navigation\\SettingsStackNavigator.tsx": {"lines":{"total":2,"covered":0,"skipped":0,"pct":0},"functions":{"total":1,"covered":0,"skipped":0,"pct":0},"statements":{"total":2,"covered":0,"skipped":0,"pct":0},"branches":{"total":0,"covered":0,"skipped":0,"pct":100}}
,"C:\\Users\\abel1\\OneDrive\\Documents\\School\\SWEN661\\Team E-Echo\\AI\\Week 5\\CareConnect-ADHD-\\apps\\react-mobile\\src\\navigation\\redirects.ts": {"lines":{"total":10,"covered":10,"skipped":0,"pct":100},"functions":{"total":1,"covered":1,"skipped":0,"pct":100},"statements":{"total":10,"covered":10,"skipped":0,"pct":100},"branches":{"total":13,"covered":13,"skipped":0,"pct":100}}
,"C:\\Users\\abel1\\OneDrive\\Documents\\School\\SWEN661\\Team E-Echo\\AI\\Week 5\\CareConnect-ADHD-\\apps\\react-mobile\\src\\navigation\\routes.ts": {"lines":{"total":1,"covered":0,"skipped":0,"pct":0},"functions":{"total":0,"covered":0,"skipped":0,"pct":100},"statements":{"total":1,"covered":0,"skipped":0,"pct":0},"branches":{"total":0,"covered":0,"skipped":0,"pct":100}}
,"C:\\Users\\abel1\\OneDrive\\Documents\\School\\SWEN661\\Team E-Echo\\AI\\Week 5\\CareConnect-ADHD-\\apps\\react-mobile\\src\\navigation\\types.ts": {"lines":{"total":0,"covered":0,"skipped":0,"pct":0},"functions":{"total":0,"covered":0,"skipped":0,"pct":0},"statements":{"total":0,"covered":0,"skipped":0,"pct":0},"branches":{"total":0,"covered":0,"skipped":0,"pct":0}}
,"C:\\Users\\abel1\\OneDrive\\Documents\\School\\SWEN661\\Team E-Echo\\AI\\Week 5\\CareConnect-ADHD-\\apps\\react-mobile\\src\\screens\\appointments\\AppointmentFormScreen.tsx": {"lines":{"total":94,"covered":0,"skipped":0,"pct":0},"functions":{"total":33,"covered":0,"skipped":0,"pct":0},"statements":{"total":114,"covered":0,"skipped":0,"pct":0},"branches":{"total":77,"covered":0,"skipped":0,"pct":0}}
,"C:\\Users\\abel1\\OneDrive\\Documents\\School\\SWEN661\\Team E-Echo\\AI\\Week 5\\CareConnect-ADHD-\\apps\\react-mobile\\src\\screens\\auth\\SignInScreen.tsx": {"lines":{"total":27,"covered":27,"skipped":0,"pct":100},"functions":{"total":9,"covered":9,"skipped":0,"pct":100},"statements":{"total":30,"covered":30,"skipped":0,"pct":100},"branches":{"total":15,"covered":12,"skipped":0,"pct":80}}
,"C:\\Users\\abel1\\OneDrive\\Documents\\School\\SWEN661\\Team E-Echo\\AI\\Week 5\\CareConnect-ADHD-\\apps\\react-mobile\\src\\screens\\caregiver\\ActivityTimelineScreen.tsx": {"lines":{"total":13,"covered":13,"skipped":0,"pct":100},"functions":{"total":8,"covered":8,"skipped":0,"pct":100},"statements":{"total":15,"covered":15,"skipped":0,"pct":100},"branches":{"total":10,"covered":9,"skipped":0,"pct":90}}
,"C:\\Users\\abel1\\OneDrive\\Documents\\School\\SWEN661\\Team E-Echo\\AI\\Week 5\\CareConnect-ADHD-\\apps\\react-mobile\\src\\screens\\caregiver\\CaregiverDashboardScreen.tsx": {"lines":{"total":15,"covered":15,"skipped":0,"pct":100},"functions":{"total":7,"covered":7,"skipped":0,"pct":100},"statements":{"total":17,"covered":17,"skipped":0,"pct":100},"branches":{"total":16,"covered":15,"skipped":0,"pct":93.75}}
,"C:\\Users\\abel1\\OneDrive\\Documents\\School\\SWEN661\\Team E-Echo\\AI\\Week 5\\CareConnect-ADHD-\\apps\\react-mobile\\src\\screens\\caregiver\\ManageScreen.tsx": {"lines":{"total":25,"covered":25,"skipped":0,"pct":100},"functions":{"total":14,"covered":14,"skipped":0,"pct":100},"statements":{"total":27,"covered":27,"skipped":0,"pct":100},"branches":{"total":12,"covered":7,"skipped":0,"pct":58.33}}
,"C:\\Users\\abel1\\OneDrive\\Documents\\School\\SWEN661\\Team E-Echo\\AI\\Week 5\\CareConnect-ADHD-\\apps\\react-mobile\\src\\screens\\medications\\MedicationDetailScreen.tsx": {"lines":{"total":36,"covered":33,"skipped":0,"pct":91.66},"functions":{"total":21,"covered":18,"skipped":0,"pct":85.71},"statements":{"total":41,"covered":38,"skipped":0,"pct":92.68},"branches":{"total":18,"covered":12,"skipped":0,"pct":66.66}}
,"C:\\Users\\abel1\\OneDrive\\Documents\\School\\SWEN661\\Team E-Echo\\AI\\Week 5\\CareConnect-ADHD-\\apps\\react-mobile\\src\\screens\\medications\\MedicationFormScreen.tsx": {"lines":{"total":87,"covered":82,"skipped":0,"pct":94.25},"functions":{"total":35,"covered":29,"skipped":0,"pct":82.85},"statements":{"total":107,"covered":95,"skipped":0,"pct":88.78},"branches":{"total":71,"covered":54,"skipped":0,"pct":76.05}}
,"C:\\Users\\abel1\\OneDrive\\Documents\\School\\SWEN661\\Team E-Echo\\AI\\Week 5\\CareConnect-ADHD-\\apps\\react-mobile\\src\\screens\\medications\\MedicationsScreen.tsx": {"lines":{"total":15,"covered":15,"skipped":0,"pct":100},"functions":{"total":8,"covered":8,"skipped":0,"pct":100},"statements":{"total":16,"covered":16,"skipped":0,"pct":100},"branches":{"total":10,"covered":7,"skipped":0,"pct":70}}
,"C:\\Users\\abel1\\OneDrive\\Documents\\School\\SWEN661\\Team E-Echo\\AI\\Week 5\\CareConnect-ADHD-\\apps\\react-mobile\\src\\screens\\patient\\AppointmentsScreen.tsx": {"lines":{"total":12,"covered":12,"skipped":0,"pct":100},"functions":{"total":6,"covered":6,"skipped":0,"pct":100},"statements":{"total":12,"covered":12,"skipped":0,"pct":100},"branches":{"total":6,"covered":5,"skipped":0,"pct":83.33}}
,"C:\\Users\\abel1\\OneDrive\\Documents\\School\\SWEN661\\Team E-Echo\\AI\\Week 5\\CareConnect-ADHD-\\apps\\react-mobile\\src\\screens\\patient\\TodayScreen.tsx": {"lines":{"total":24,"covered":23,"skipped":0,"pct":95.83},"functions":{"total":10,"covered":9,"skipped":0,"pct":90},"statements":{"total":27,"covered":25,"skipped":0,"pct":92.59},"branches":{"total":14,"covered":13,"skipped":0,"pct":92.85}}
,"C:\\Users\\abel1\\OneDrive\\Documents\\School\\SWEN661\\Team E-Echo\\AI\\Week 5\\CareConnect-ADHD-\\apps\\react-mobile\\src\\screens\\settings\\AppSettingsScreen.tsx": {"lines":{"total":30,"covered":30,"skipped":0,"pct":100},"functions":{"total":18,"covered":18,"skipped":0,"pct":100},"statements":{"total":36,"covered":36,"skipped":0,"pct":100},"branches":{"total":14,"covered":10,"skipped":0,"pct":71.42}}
,"C:\\Users\\abel1\\OneDrive\\Documents\\School\\SWEN661\\Team E-Echo\\AI\\Week 5\\CareConnect-ADHD-\\apps\\react-mobile\\src\\screens\\settings\\CaregiverAccessScreen.tsx": {"lines":{"total":11,"covered":11,"skipped":0,"pct":100},"functions":{"total":6,"covered":6,"skipped":0,"pct":100},"statements":{"total":13,"covered":13,"skipped":0,"pct":100},"branches":{"total":2,"covered":2,"skipped":0,"pct":100}}
,"C:\\Users\\abel1\\OneDrive\\Documents\\School\\SWEN661\\Team E-Echo\\AI\\Week 5\\CareConnect-ADHD-\\apps\\react-mobile\\src\\screens\\settings\\NotificationsSettingsScreen.tsx": {"lines":{"total":9,"covered":9,"skipped":0,"pct":100},"functions":{"total":6,"covered":6,"skipped":0,"pct":100},"statements":{"total":10,"covered":10,"skipped":0,"pct":100},"branches":{"total":0,"covered":0,"skipped":0,"pct":100}}
,"C:\\Users\\abel1\\OneDrive\\Documents\\School\\SWEN661\\Team E-Echo\\AI\\Week 5\\CareConnect-ADHD-\\apps\\react-mobile\\src\\screens\\settings\\SettingsScreen.tsx": {"lines":{"total":9,"covered":9,"skipped":0,"pct":100},"functions":{"total":4,"covered":4,"skipped":0,"pct":100},"statements":{"total":9,"covered":9,"skipped":0,"pct":100},"branches":{"total":4,"covered":4,"skipped":0,"pct":100}}
,"C:\\Users\\abel1\\OneDrive\\Documents\\School\\SWEN661\\Team E-Echo\\AI\\Week 5\\CareConnect-ADHD-\\apps\\react-mobile\\src\\state\\activityFilterStore.ts": {"lines":{"total":2,"covered":2,"skipped":0,"pct":100},"functions":{"total":2,"covered":2,"skipped":0,"pct":100},"statements":{"total":3,"covered":3,"skipped":0,"pct":100},"branches":{"total":0,"covered":0,"skipped":0,"pct":100}}
,"C:\\Users\\abel1\\OneDrive\\Documents\\School\\SWEN661\\Team E-Echo\\AI\\Week 5\\CareConnect-ADHD-\\apps\\react-mobile\\src\\state\\careDataStore.ts": {"lines":{"total":116,"covered":116,"skipped":0,"pct":100},"functions":{"total":32,"covered":32,"skipped":0,"pct":100},"statements":{"total":126,"covered":120,"skipped":0,"pct":95.23},"branches":{"total":57,"covered":50,"skipped":0,"pct":87.71}}
,"C:\\Users\\abel1\\OneDrive\\Documents\\School\\SWEN661\\Team E-Echo\\AI\\Week 5\\CareConnect-ADHD-\\apps\\react-mobile\\src\\state\\clockStore.ts": {"lines":{"total":17,"covered":14,"skipped":0,"pct":82.35},"functions":{"total":7,"covered":6,"skipped":0,"pct":85.71},"statements":{"total":21,"covered":16,"skipped":0,"pct":76.19},"branches":{"total":10,"covered":6,"skipped":0,"pct":60}}
,"C:\\Users\\abel1\\OneDrive\\Documents\\School\\SWEN661\\Team E-Echo\\AI\\Week 5\\CareConnect-ADHD-\\apps\\react-mobile\\src\\state\\draftStore.ts": {"lines":{"total":49,"covered":42,"skipped":0,"pct":85.71},"functions":{"total":19,"covered":17,"skipped":0,"pct":89.47},"statements":{"total":63,"covered":53,"skipped":0,"pct":84.12},"branches":{"total":32,"covered":22,"skipped":0,"pct":68.75}}
,"C:\\Users\\abel1\\OneDrive\\Documents\\School\\SWEN661\\Team E-Echo\\AI\\Week 5\\CareConnect-ADHD-\\apps\\react-mobile\\src\\state\\hydrate.ts": {"lines":{"total":16,"covered":15,"skipped":0,"pct":93.75},"functions":{"total":3,"covered":2,"skipped":0,"pct":66.66},"statements":{"total":16,"covered":15,"skipped":0,"pct":93.75},"branches":{"total":8,"covered":7,"skipped":0,"pct":87.5}}
,"C:\\Users\\abel1\\OneDrive\\Documents\\School\\SWEN661\\Team E-Echo\\AI\\Week 5\\CareConnect-ADHD-\\apps\\react-mobile\\src\\state\\notificationSettingsStore.ts": {"lines":{"total":7,"covered":7,"skipped":0,"pct":100},"functions":{"total":5,"covered":5,"skipped":0,"pct":100},"statements":{"total":8,"covered":8,"skipped":0,"pct":100},"branches":{"total":0,"covered":0,"skipped":0,"pct":100}}
,"C:\\Users\\abel1\\OneDrive\\Documents\\School\\SWEN661\\Team E-Echo\\AI\\Week 5\\CareConnect-ADHD-\\apps\\react-mobile\\src\\state\\selectors.ts": {"lines":{"total":70,"covered":68,"skipped":0,"pct":97.14},"functions":{"total":49,"covered":45,"skipped":0,"pct":91.83},"statements":{"total":95,"covered":91,"skipped":0,"pct":95.78},"branches":{"total":24,"covered":23,"skipped":0,"pct":95.83}}
,"C:\\Users\\abel1\\OneDrive\\Documents\\School\\SWEN661\\Team E-Echo\\AI\\Week 5\\CareConnect-ADHD-\\apps\\react-mobile\\src\\state\\sessionStore.ts": {"lines":{"total":9,"covered":9,"skipped":0,"pct":100},"functions":{"total":6,"covered":6,"skipped":0,"pct":100},"statements":{"total":11,"covered":11,"skipped":0,"pct":100},"branches":{"total":6,"covered":6,"skipped":0,"pct":100}}
,"C:\\Users\\abel1\\OneDrive\\Documents\\School\\SWEN661\\Team E-Echo\\AI\\Week 5\\CareConnect-ADHD-\\apps\\react-mobile\\src\\state\\settingsStore.ts": {"lines":{"total":9,"covered":9,"skipped":0,"pct":100},"functions":{"total":6,"covered":6,"skipped":0,"pct":100},"statements":{"total":10,"covered":10,"skipped":0,"pct":100},"branches":{"total":0,"covered":0,"skipped":0,"pct":100}}
}
