TN:
SF:src\test-utils.tsx
FN:31,renderWithProviders
FNF:1
FNH:1
FNDA:59,renderWithProviders
DA:26,14
DA:35,59
LF:2
LH:2
BRF:0
BRH:0
end_of_record
TN:
SF:src\core\components\AlertCard.tsx
FN:24,AlertCard
FN:33,(anonymous_1)
FNF:2
FNH:2
FNDA:5,AlertCard
FNDA:5,(anonymous_1)
DA:25,5
DA:26,5
DA:33,5
DA:51,14
LF:4
LH:4
BRDA:30,0,0,5
BRDA:30,0,1,0
BRDA:39,1,0,0
BRDA:39,1,1,5
BRDA:39,2,0,5
BRDA:39,2,1,0
BRDA:46,3,0,5
BRDA:46,3,1,0
BRF:8
BRH:4
end_of_record
TN:
SF:src\core\components\AutosaveIndicator.tsx
FN:21,AutosaveIndicator
FNF:1
FNH:1
FNDA:22,AutosaveIndicator
DA:10,14
DA:22,22
DA:23,22
DA:25,10
DA:27,12
DA:28,12
DA:29,12
DA:42,14
LF:8
LH:8
BRDA:23,0,0,10
BRDA:23,0,1,12
BRDA:28,1,0,1
BRDA:28,1,1,11
BRDA:34,2,0,1
BRDA:34,2,1,11
BRDA:36,3,0,1
BRDA:36,3,1,11
BRF:8
BRH:8
end_of_record
TN:
SF:src\core\components\CallContactButton.tsx
FN:24,CallContactButton
FN:33,(anonymous_1)
FN:42,(anonymous_2)
FN:43,(anonymous_3)
FN:49,(anonymous_4)
FN:63,(anonymous_5)
FN:78,(anonymous_6)
FNF:7
FNH:1
FNDA:34,CallContactButton
FNDA:0,(anonymous_1)
FNDA:0,(anonymous_2)
FNDA:0,(anonymous_3)
FNDA:0,(anonymous_4)
FNDA:0,(anonymous_5)
FNDA:0,(anonymous_6)
DA:25,34
DA:26,34
DA:27,34
DA:28,34
DA:30,34
DA:33,0
DA:42,0
DA:43,0
DA:64,0
DA:65,0
DA:78,0
DA:90,14
LF:12
LH:6
BRF:0
BRH:0
end_of_record
TN:
SF:src\core\components\CcAppBar.tsx
FN:28,CcAppBar
FNF:1
FNH:1
FNDA:80,CcAppBar
DA:29,80
DA:30,80
DA:32,80
DA:75,14
LF:4
LH:4
BRDA:28,0,0,29
BRDA:28,1,0,46
BRDA:39,2,0,9
BRDA:39,2,1,71
BRDA:43,3,0,51
BRDA:43,3,1,29
BRDA:64,4,0,9
BRDA:64,4,1,71
BRF:8
BRH:8
end_of_record
TN:
SF:src\core\components\CcListItem.tsx
FN:30,CcListItem
FN:50,(anonymous_1)
FNF:2
FNH:2
FNDA:45,CcListItem
FNDA:45,(anonymous_1)
DA:40,45
DA:41,45
DA:43,45
DA:50,45
DA:66,14
LF:5
LH:5
BRDA:33,0,0,29
BRDA:41,1,0,45
BRDA:41,1,1,40
BRDA:47,2,0,45
BRDA:47,2,1,0
BRDA:48,3,0,44
BRDA:48,3,1,1
BRDA:50,4,0,0
BRDA:50,4,1,45
BRDA:50,5,0,45
BRDA:50,5,1,0
BRDA:55,6,0,44
BRDA:55,6,1,1
BRDA:61,7,0,45
BRDA:61,7,1,45
BRDA:61,8,0,45
BRDA:61,8,1,0
BRF:17
BRH:13
end_of_record
TN:
SF:src\core\components\CcTextField.tsx
FN:36,CcTextField
FNF:1
FNH:1
FNDA:44,CcTextField
DA:51,44
DA:52,44
DA:53,44
DA:56,44
DA:87,44
DA:110,14
LF:6
LH:6
BRDA:46,0,0,44
BRDA:48,1,0,44
BRDA:52,2,0,3
BRDA:52,2,1,41
BRDA:53,3,0,3
BRDA:53,3,1,41
BRDA:60,4,0,0
BRDA:60,4,1,44
BRDA:70,5,0,0
BRDA:70,5,1,44
BRDA:73,6,0,7
BRDA:73,6,1,37
BRDA:74,7,0,7
BRDA:74,7,1,37
BRDA:79,8,0,44
BRDA:79,8,1,41
BRDA:81,9,0,0
BRDA:81,9,1,44
BRDA:81,10,0,44
BRDA:81,10,1,0
BRDA:91,11,0,0
BRDA:91,11,1,44
BRDA:91,12,0,44
BRDA:91,12,1,0
BRDA:98,13,0,3
BRDA:98,13,1,41
BRF:26
BRH:20
end_of_record
TN:
SF:src\core\components\ChoiceGroup.tsx
FN:34,ChoiceGroup
FN:51,(anonymous_1)
FN:57,(anonymous_2)
FN:61,(anonymous_3)
FNF:4
FNH:4
FNDA:24,ChoiceGroup
FNDA:64,(anonymous_1)
FNDA:3,(anonymous_2)
FNDA:64,(anonymous_3)
DA:42,24
DA:43,24
DA:52,64
DA:53,64
DA:54,64
DA:57,3
DA:61,64
DA:87,14
LF:8
LH:8
BRDA:39,0,0,18
BRDA:53,1,0,18
BRDA:53,1,1,46
BRDA:60,2,0,64
BRDA:60,2,1,46
BRDA:65,3,0,24
BRDA:65,3,1,40
BRDA:66,4,0,24
BRDA:66,4,1,40
BRDA:67,5,0,24
BRDA:67,5,1,40
BRDA:69,6,0,0
BRDA:69,6,1,64
BRDA:74,7,0,24
BRDA:74,7,1,40
BRF:15
BRH:14
end_of_record
TN:
SF:src\core\components\DoseCard.tsx
FN:27,DoseCard
FN:52,(anonymous_1)
FNF:2
FNH:2
FNDA:9,DoseCard
FNDA:9,(anonymous_1)
DA:36,9
DA:37,9
DA:52,9
DA:67,14
LF:4
LH:4
BRDA:33,0,0,9
BRDA:43,1,0,4
BRDA:43,1,1,5
BRDA:55,2,0,9
BRDA:55,2,1,0
BRDA:56,3,0,0
BRDA:56,3,1,9
BRDA:56,4,0,0
BRDA:56,4,1,9
BRDA:58,5,0,9
BRDA:58,5,1,0
BRF:11
BRH:7
end_of_record
TN:
SF:src\core\components\EmptyState.tsx
FN:20,EmptyState
FNF:1
FNH:1
FNDA:5,EmptyState
DA:21,5
DA:22,5
DA:33,14
LF:3
LH:3
BRDA:28,0,0,5
BRDA:28,0,1,0
BRF:2
BRH:1
end_of_record
TN:
SF:src\core\components\OrientationBar.tsx
FN:24,OrientationBar
FNF:1
FNH:1
FNDA:6,OrientationBar
DA:25,6
DA:26,6
DA:28,6
DA:41,14
LF:4
LH:4
BRF:0
BRH:0
end_of_record
TN:
SF:src\core\components\Responsive.tsx
FN:14,useIsWideLayout
FN:34,ResponsiveBody
FN:73,ResponsiveCardGrid
FN:81,(anonymous_3)
FNF:4
FNH:4
FNDA:60,useIsWideLayout
FNDA:58,ResponsiveBody
FNDA:2,ResponsiveCardGrid
FNDA:8,(anonymous_3)
DA:15,60
DA:16,60
DA:40,58
DA:41,58
DA:42,58
DA:45,58
DA:58,58
DA:74,2
DA:75,2
DA:76,0
DA:78,2
DA:79,2
DA:82,8
LF:13
LH:12
BRDA:37,0,0,58
BRDA:38,1,0,58
BRDA:42,2,0,58
BRDA:42,2,1,16
BRDA:45,3,0,42
BRDA:45,3,1,16
BRDA:45,4,0,58
BRDA:45,4,1,58
BRDA:75,5,0,0
BRDA:75,5,1,2
BRF:10
BRH:9
end_of_record
TN:
SF:src\core\components\SectionHeading.tsx
FN:23,SectionHeading
FNF:1
FNH:1
FNDA:87,SectionHeading
DA:24,87
DA:25,87
DA:32,87
LF:3
LH:3
BRDA:23,0,0,19
BRDA:35,1,0,0
BRDA:35,1,1,87
BRF:3
BRH:2
end_of_record
TN:
SF:src\core\components\StatusChip.tsx
FN:20,StatusChip
FN:34,DoseStatusChip
FNF:2
FNH:2
FNDA:33,StatusChip
FNDA:31,DoseStatusChip
DA:21,33
DA:22,33
DA:23,33
DA:35,31
DA:36,31
DA:45,14
LF:6
LH:6
BRDA:24,0,0,33
BRDA:24,0,1,1
BRF:2
BRH:2
end_of_record
TN:
SF:src\core\components\StepIndicator.tsx
FN:24,StepIndicator
FNF:1
FNH:1
FNDA:24,StepIndicator
DA:25,24
DA:26,24
DA:27,24
DA:29,24
DA:51,14
LF:5
LH:5
BRDA:36,0,0,23
BRDA:36,0,1,1
BRF:2
BRH:2
end_of_record
TN:
SF:src\core\components\UndoSnackbar.tsx
FN:24,(anonymous_0)
FN:30,(anonymous_1)
FN:33,present
FN:37,(anonymous_3)
FN:51,showUndoSnackbar
FN:52,(anonymous_5)
FN:60,showConfirmationSnackbar
FN:68,SnackbarHost
FNF:8
FNH:5
FNDA:14,(anonymous_0)
FNDA:0,(anonymous_1)
FNDA:8,present
FNDA:0,(anonymous_3)
FNDA:4,showUndoSnackbar
FNDA:0,(anonymous_5)
FNDA:4,showConfirmationSnackbar
FNDA:67,SnackbarHost
DA:10,14
DA:21,14
DA:22,14
DA:24,14
DA:30,0
DA:34,8
DA:35,8
DA:36,8
DA:37,8
DA:38,0
DA:52,4
DA:53,0
DA:54,0
DA:55,0
DA:61,4
DA:69,67
DA:70,67
DA:72,67
DA:74,20
DA:99,14
LF:20
LH:15
BRDA:34,0,0,3
BRDA:34,0,1,5
BRDA:53,1,0,0
BRDA:53,1,1,0
BRDA:72,2,0,47
BRDA:72,2,1,20
BRDA:89,3,0,11
BRDA:89,3,1,9
BRDA:89,4,0,20
BRDA:89,4,1,11
BRF:10
BRH:8
end_of_record
TN:
SF:src\core\components\doseStatus.ts
FN:28,statusToneIcon
FN:32,statusToneColor
FN:61,doseStatusPresentation
FN:106,doseStatusChipText
FNF:4
FNH:4
FNDA:33,statusToneIcon
FNDA:73,statusToneColor
FNDA:63,doseStatusPresentation
FNDA:47,doseStatusChipText
DA:18,14
DA:29,33
DA:33,73
DA:35,26
DA:38,9
DA:41,7
DA:43,7
DA:45,24
DA:62,63
DA:64,44
DA:65,10
DA:66,10
DA:73,34
DA:75,34
DA:78,34
DA:86,8
DA:87,8
DA:90,11
DA:91,11
DA:99,0
DA:100,0
DA:107,47
LF:22
LH:20
BRDA:33,0,0,26
BRDA:33,0,1,9
BRDA:33,0,2,9
BRDA:33,0,3,7
BRDA:33,0,4,7
BRDA:33,0,5,7
BRDA:33,0,6,24
BRDA:62,1,0,44
BRDA:62,1,1,8
BRDA:62,1,2,11
BRDA:62,1,3,0
BRDA:64,2,0,10
BRDA:64,2,1,34
BRDA:75,3,0,17
BRDA:75,3,1,17
BRDA:86,4,0,8
BRDA:86,4,1,0
BRDA:90,5,0,11
BRDA:90,5,1,0
BRF:19
BRH:16
end_of_record
TN:
SF:src\core\components\index.ts
FNF:0
FNH:0
LF:0
LH:0
BRF:0
BRH:0
end_of_record
TN:
SF:src\core\theme\ThemeContext.tsx
FN:28,buildTheme
FN:47,ThemeProvider
FN:49,(anonymous_2)
FN:55,(anonymous_3)
FN:60,useTheme
FNF:5
FNH:5
FNDA:61,buildTheme
FNDA:61,ThemeProvider
FNDA:187,(anonymous_2)
FNDA:61,(anonymous_3)
FNDA:530,useTheme
DA:29,61
DA:30,61
DA:31,61
DA:32,61
DA:33,61
DA:45,14
DA:48,61
DA:49,187
DA:50,61
DA:53,61
DA:55,61
DA:57,61
DA:61,530
DA:62,530
DA:63,0
DA:65,530
LF:16
LH:15
BRDA:30,0,0,1
BRDA:30,0,1,60
BRDA:31,1,0,2
BRDA:31,1,1,59
BRDA:32,2,0,1
BRDA:32,2,1,60
BRDA:53,3,0,60
BRDA:53,3,1,1
BRDA:53,4,0,0
BRDA:53,4,1,60
BRDA:62,5,0,0
BRDA:62,5,1,530
BRF:12
BRH:10
end_of_record
TN:
SF:src\core\theme\colors.ts
FNF:0
FNH:0
DA:13,14
DA:76,14
DA:92,14
LF:3
LH:3
BRF:0
BRH:0
end_of_record
TN:
SF:src\core\theme\spacing.ts
FNF:0
FNH:0
DA:6,14
DA:14,14
DA:28,14
DA:43,14
LF:4
LH:4
BRF:0
BRH:0
end_of_record
TN:
SF:src\core\theme\typography.ts
FN:29,bodyEmphasis
FN:65,buildTextTheme
FNF:2
FNH:2
FNDA:308,bodyEmphasis
FNDA:61,buildTextTheme
DA:16,14
DA:30,308
DA:66,61
LF:3
LH:3
BRF:0
BRH:0
end_of_record
TN:
SF:src\core\utils\clock.ts
FN:16,(anonymous_0)
FN:23,(anonymous_1)
FN:26,(anonymous_2)
FN:30,(anonymous_3)
FNF:4
FNH:3
FNDA:20,(anonymous_0)
FNDA:63,(anonymous_1)
FNDA:0,(anonymous_2)
FNDA:65,(anonymous_3)
DA:17,20
DA:27,0
DA:31,65
DA:39,18
LF:4
LH:3
BRDA:26,0,0,0
BRDA:26,1,0,0
BRDA:26,2,0,0
BRDA:26,3,0,0
BRF:4
BRH:0
end_of_record
TN:
SF:src\core\utils\contrast.ts
FN:15,parseHexColor
FN:20,(anonymous_1)
FN:32,linearise
FN:37,relativeLuminance
FN:43,contrastRatio
FN:58,meetsAa
FNF:6
FNH:6
FNDA:34,parseHexColor
FNDA:3,(anonymous_1)
FNDA:90,linearise
FNDA:30,relativeLuminance
FNDA:14,contrastRatio
FNDA:9,meetsAa
DA:16,34
DA:17,34
DA:18,1
DA:20,3
DA:23,34
DA:24,1
DA:26,33
DA:27,33
DA:28,33
DA:29,33
DA:33,90
DA:38,30
DA:39,30
DA:44,14
DA:45,14
DA:46,14
DA:47,14
DA:48,14
DA:63,9
DA:64,9
LF:20
LH:20
BRDA:17,0,0,1
BRDA:17,0,1,33
BRDA:23,1,0,1
BRDA:23,1,1,33
BRDA:33,2,0,7
BRDA:33,2,1,83
BRDA:61,3,0,3
BRDA:64,4,0,6
BRDA:64,4,1,3
BRF:9
BRH:9
end_of_record
TN:
SF:src\core\utils\dateFormatting.ts
FN:46,fullWordDate
FN:51,clockTime
FN:61,dateAndTime
FN:66,dayHeading
FN:71,parseLocalTime
FN:92,toLocalTime
FN:99,localTimeLabel
FN:105,combine
FN:110,startOfDay
FN:114,isSameDay
FN:132,describeDuration
FN:156,dueLabel
FN:168,nextSentence
FNF:13
FNH:13
FNDA:55,fullWordDate
FNDA:160,clockTime
FNDA:31,dateAndTime
FNDA:11,dayHeading
FNDA:144,parseLocalTime
FNDA:3,toLocalTime
FNDA:19,localTimeLabel
FNDA:122,combine
FNDA:128,startOfDay
FNDA:806,isSameDay
FNDA:72,describeDuration
FNDA:47,dueLabel
FNDA:8,nextSentence
DA:15,21
DA:25,21
DA:47,55
DA:52,160
DA:53,160
DA:54,160
DA:55,160
DA:56,160
DA:57,160
DA:62,31
DA:67,11
DA:72,144
DA:73,144
DA:74,1
DA:76,143
DA:77,143
DA:78,143
DA:86,2
DA:88,141
DA:93,3
DA:94,3
DA:95,3
DA:100,19
DA:101,19
DA:106,122
DA:111,128
DA:115,806
DA:122,21
DA:123,21
DA:124,21
DA:133,72
DA:134,72
DA:135,2
DA:137,70
DA:138,66
DA:139,66
DA:141,4
DA:142,4
DA:143,2
DA:145,2
DA:146,2
DA:157,47
DA:158,47
DA:159,11
DA:161,36
DA:162,18
DA:164,18
DA:169,8
DA:170,8
DA:171,1
DA:173,7
DA:174,2
DA:176,5
LF:53
LH:53
BRDA:54,0,0,109
BRDA:54,0,1,51
BRDA:56,1,0,2
BRDA:56,1,1,158
BRDA:73,2,0,1
BRDA:73,2,1,143
BRDA:78,3,0,2
BRDA:78,3,1,141
BRDA:79,4,0,143
BRDA:79,4,1,143
BRDA:79,4,2,143
BRDA:79,4,3,143
BRDA:79,4,4,142
BRDA:79,4,5,142
BRDA:116,5,0,806
BRDA:116,5,1,806
BRDA:116,5,2,794
BRDA:132,6,0,40
BRDA:134,7,0,2
BRDA:134,7,1,70
BRDA:135,8,0,1
BRDA:135,8,1,1
BRDA:137,9,0,66
BRDA:137,9,1,4
BRDA:138,10,0,31
BRDA:138,10,1,35
BRDA:138,11,0,1
BRDA:138,11,1,34
BRDA:142,12,0,2
BRDA:142,12,1,2
BRDA:143,13,0,1
BRDA:143,13,1,1
BRDA:146,14,0,1
BRDA:146,14,1,1
BRDA:158,15,0,11
BRDA:158,15,1,36
BRDA:161,16,0,18
BRDA:161,16,1,18
BRDA:170,17,0,1
BRDA:170,17,1,7
BRDA:173,18,0,2
BRDA:173,18,1,5
BRF:42
BRH:42
end_of_record
TN:
SF:src\core\utils\ids.ts
FN:13,(anonymous_0)
FN:13,(anonymous_1)
FN:17,(anonymous_2)
FNF:3
FNH:3
FNDA:31,(anonymous_0)
FNDA:14,(anonymous_1)
FNDA:41,(anonymous_2)
DA:10,31
DA:13,14
DA:14,31
DA:18,41
DA:19,41
LF:5
LH:5
BRDA:13,0,0,15
BRF:1
BRH:1
end_of_record
TN:
SF:src\data\localStore.ts
FN:22,readJson
FN:48,readAs
FN:64,writeJson
FN:68,remove
FN:72,contains
FNF:5
FNH:5
FNDA:23,readJson
FNDA:19,readAs
FNDA:59,writeJson
FNDA:12,remove
FNDA:7,contains
DA:13,20
DA:23,23
DA:24,23
DA:25,8
DA:26,8
DA:27,7
DA:32,1
DA:53,19
DA:54,19
DA:55,5
DA:56,5
DA:59,1
DA:60,1
DA:65,59
DA:69,12
DA:73,7
DA:74,7
LF:17
LH:17
BRDA:24,0,0,15
BRDA:24,0,1,8
BRDA:24,1,0,23
BRDA:24,1,1,8
BRDA:27,2,0,6
BRDA:27,2,1,1
BRDA:27,3,0,7
BRDA:27,3,1,7
BRDA:27,3,2,7
BRDA:54,4,0,14
BRDA:54,4,1,5
BRF:11
BRH:11
end_of_record
TN:
SF:src\data\mockData.ts
FN:84,at
FN:88,addDays
FN:93,seedCareData
FNF:3
FNH:3
FNDA:2214,at
FNDA:246,addDays
FNDA:82,seedCareData
DA:27,15
DA:28,15
DA:30,15
DA:38,15
DA:47,15
DA:85,2214
DA:89,246
DA:94,82
DA:95,82
DA:97,82
DA:169,82
DA:196,82
DA:241,82
LF:13
LH:13
BRF:0
BRH:0
end_of_record
TN:
SF:src\models\domain.ts
FN:20,medicationDisplayName
FN:29,appointmentCompanionLabel
FN:37,appointmentSummaryLine
FN:43,doseIsDue
FN:48,doseIsOverdue
FN:53,doseCanUndo
FN:57,doseUndoableUntil
FN:63,activeMedications
FN:64,(anonymous_8)
FN:67,medicationById
FN:68,(anonymous_10)
FN:71,doseById
FN:72,(anonymous_12)
FN:75,appointmentById
FN:76,(anonymous_14)
FN:81,medicationDraftIsEditing
FN:85,medicationDraftIsEmpty
FN:96,appointmentDraftIsEditing
FN:100,appointmentDraftIsEmpty
FNF:19
FNH:17
FNDA:60,medicationDisplayName
FNDA:22,appointmentCompanionLabel
FNDA:19,appointmentSummaryLine
FNDA:292,doseIsDue
FNDA:115,doseIsOverdue
FNDA:2,doseCanUndo
FNDA:10,doseUndoableUntil
FNDA:100,activeMedications
FNDA:398,(anonymous_8)
FNDA:36,medicationById
FNDA:67,(anonymous_10)
FNDA:19,doseById
FNDA:172,(anonymous_12)
FNDA:2,appointmentById
FNDA:8,(anonymous_14)
FNDA:6,medicationDraftIsEditing
FNDA:5,medicationDraftIsEmpty
FNDA:0,appointmentDraftIsEditing
FNDA:0,appointmentDraftIsEmpty
DA:21,60
DA:30,22
DA:31,22
DA:38,19
DA:44,292
DA:49,115
DA:54,2
DA:58,10
DA:64,398
DA:68,67
DA:72,172
DA:76,8
DA:82,6
DA:86,5
DA:97,0
DA:101,0
LF:16
LH:14
BRDA:21,0,0,1
BRDA:21,0,1,59
BRDA:31,1,0,8
BRDA:31,1,1,14
BRDA:31,2,0,22
BRDA:31,2,1,15
BRDA:31,2,2,15
BRDA:49,3,0,115
BRDA:49,3,1,85
BRDA:54,4,0,2
BRDA:54,4,1,2
BRDA:87,5,0,5
BRDA:87,5,1,5
BRDA:87,5,2,5
BRDA:87,5,3,4
BRDA:87,5,4,4
BRDA:87,5,5,4
BRDA:102,6,0,0
BRDA:102,6,1,0
BRDA:102,6,2,0
BRDA:102,6,3,0
BRDA:102,6,4,0
BRDA:102,6,5,0
BRF:23
BRH:17
end_of_record
TN:
SF:src\models\serialization.ts
FN:31,patientFromJson
FN:41,patientToJson
FN:45,caregiverFromJson
FN:56,caregiverToJson
FN:62,sessionFromJson
FN:71,sessionToJson
FN:82,medicationFromJson
FN:94,medicationToJson
FN:100,doseEventFromJson
FN:111,doseEventToJson
FN:124,appointmentFromJson
FN:136,appointmentToJson
FN:150,activityEntryFromJson
FN:159,activityEntryToJson
FN:170,careDataFromJson
FN:182,careDataToJson
FN:196,notificationSettingsFromJson
FN:205,notificationSettingsToJson
FN:211,defaultNotificationSettings
FN:217,themeModeFromStorage
FN:221,appSettingsFromJson
FN:229,appSettingsToJson
FN:233,defaultAppSettings
FN:239,medicationDraftFromJson
FN:250,medicationDraftToJson
FN:261,appointmentDraftFromJson
FN:272,appointmentDraftToJson
FNF:27
FNH:24
FNDA:2,patientFromJson
FNDA:30,patientToJson
FNDA:2,caregiverFromJson
FNDA:30,caregiverToJson
FNDA:2,sessionFromJson
FNDA:8,sessionToJson
FNDA:5,medicationFromJson
FNDA:119,medicationToJson
FNDA:12,doseEventFromJson
FNDA:301,doseEventToJson
FNDA:4,appointmentFromJson
FNDA:90,appointmentToJson
FNDA:7,activityEntryFromJson
FNDA:225,activityEntryToJson
FNDA:2,careDataFromJson
FNDA:30,careDataToJson
FNDA:0,notificationSettingsFromJson
FNDA:4,notificationSettingsToJson
FNDA:17,defaultNotificationSettings
FNDA:1,themeModeFromStorage
FNDA:1,appSettingsFromJson
FNDA:9,appSettingsToJson
FNDA:39,defaultAppSettings
FNDA:0,medicationDraftFromJson
FNDA:7,medicationDraftToJson
FNDA:0,appointmentDraftFromJson
FNDA:2,appointmentDraftToJson
DA:32,2
DA:42,30
DA:46,2
DA:57,30
DA:63,2
DA:72,8
DA:83,5
DA:95,119
DA:101,12
DA:112,301
DA:125,4
DA:137,90
DA:151,7
DA:160,225
DA:171,2
DA:183,30
DA:199,0
DA:208,4
DA:212,17
DA:218,1
DA:222,1
DA:230,9
DA:234,39
DA:240,0
DA:251,7
DA:262,0
DA:273,2
LF:27
LH:24
BRDA:37,0,0,2
BRDA:37,0,1,0
BRDA:67,1,0,2
BRDA:67,1,1,1
BRDA:76,2,0,8
BRDA:76,2,1,5
BRDA:89,3,0,5
BRDA:89,3,1,3
BRDA:90,4,0,5
BRDA:90,4,1,0
BRDA:106,5,0,8
BRDA:106,5,1,4
BRDA:107,6,0,1
BRDA:107,6,1,11
BRDA:117,7,0,214
BRDA:117,7,1,87
BRDA:118,8,0,11
BRDA:118,8,1,290
BRDA:131,9,0,4
BRDA:131,9,1,1
BRDA:132,10,0,4
BRDA:132,10,1,3
BRDA:143,11,0,90
BRDA:143,11,1,31
BRDA:144,12,0,90
BRDA:144,12,1,61
BRDA:200,13,0,0
BRDA:200,13,1,0
BRDA:218,14,0,0
BRDA:218,14,1,1
BRDA:218,15,0,1
BRDA:218,15,1,1
BRDA:224,16,0,1
BRDA:224,16,1,0
BRDA:225,17,0,1
BRDA:225,17,1,0
BRDA:241,18,0,0
BRDA:241,18,1,0
BRDA:242,19,0,0
BRDA:242,19,1,0
BRDA:243,20,0,0
BRDA:243,20,1,0
BRDA:244,21,0,0
BRDA:244,21,1,0
BRDA:245,22,0,0
BRDA:245,22,1,0
BRDA:246,23,0,0
BRDA:246,23,1,0
BRDA:252,24,0,7
BRDA:252,24,1,5
BRDA:263,25,0,0
BRDA:263,25,1,0
BRDA:264,26,0,0
BRDA:264,26,1,0
BRDA:265,27,0,0
BRDA:265,27,1,0
BRDA:266,28,0,0
BRDA:266,28,1,0
BRDA:267,29,0,0
BRDA:267,29,1,0
BRDA:268,30,0,0
BRDA:268,30,1,0
BRDA:274,31,0,2
BRDA:274,31,1,1
BRDA:278,32,0,1
BRDA:278,32,1,1
BRF:66
BRH:35
end_of_record
TN:
SF:src\models\types.ts
FN:15,roleLabel
FN:20,roleRoutePrefix
FN:25,roleHomeLocation
FN:29,roleFromStorage
FN:41,signInMethodFromStorage
FN:112,doseStatusLabel
FN:125,doseStatusFromStorage
FN:170,activityKindFromStorage
FN:234,reminderLeadTimeFromStorage
FN:295,emptyMedicationDraft
FN:311,emptyAppointmentDraft
FNF:11
FNH:9
FNDA:26,roleLabel
FNDA:5,roleRoutePrefix
FNDA:8,roleHomeLocation
FNDA:2,roleFromStorage
FNDA:2,signInMethodFromStorage
FNDA:0,doseStatusLabel
FNDA:12,doseStatusFromStorage
FNDA:7,activityKindFromStorage
FNDA:0,reminderLeadTimeFromStorage
FNDA:34,emptyMedicationDraft
FNDA:20,emptyAppointmentDraft
DA:16,26
DA:21,5
DA:26,8
DA:30,2
DA:42,2
DA:113,0
DA:115,0
DA:117,0
DA:119,0
DA:121,0
DA:126,12
DA:133,22
DA:171,7
DA:172,7
DA:222,22
DA:228,22
DA:237,0
DA:256,22
DA:293,22
DA:296,34
DA:309,22
DA:312,20
LF:22
LH:16
BRDA:16,0,0,8
BRDA:16,0,1,18
BRDA:21,1,0,3
BRDA:21,1,1,2
BRDA:26,2,0,3
BRDA:26,2,1,5
BRDA:30,3,0,2
BRDA:30,3,1,0
BRDA:42,4,0,1
BRDA:42,4,1,1
BRDA:113,5,0,0
BRDA:113,5,1,0
BRDA:113,5,2,0
BRDA:113,5,3,0
BRDA:126,6,0,8
BRDA:126,6,1,4
BRDA:126,7,0,12
BRDA:126,7,1,5
BRDA:126,7,2,4
BRDA:172,8,0,7
BRDA:172,8,1,0
BRDA:172,9,0,7
BRDA:172,9,1,0
BRDA:237,10,0,0
BRDA:237,10,1,0
BRDA:237,11,0,0
BRDA:237,11,1,0
BRF:27
BRH:16
end_of_record
TN:
SF:src\navigation\CaregiverTabNavigator.tsx
FN:19,CaregiverTabNavigator
FN:35,(anonymous_1)
FN:43,(anonymous_2)
FN:45,(anonymous_3)
FN:46,(anonymous_4)
FN:58,(anonymous_5)
FN:66,(anonymous_6)
FN:68,(anonymous_7)
FN:69,(anonymous_8)
FNF:9
FNH:0
FNDA:0,CaregiverTabNavigator
FNDA:0,(anonymous_1)
FNDA:0,(anonymous_2)
FNDA:0,(anonymous_3)
FNDA:0,(anonymous_4)
FNDA:0,(anonymous_5)
FNDA:0,(anonymous_6)
FNDA:0,(anonymous_7)
FNDA:0,(anonymous_8)
DA:12,0
DA:20,0
DA:22,0
DA:35,0
DA:43,0
DA:45,0
DA:47,0
DA:48,0
DA:49,0
DA:58,0
DA:66,0
DA:68,0
DA:70,0
DA:71,0
DA:72,0
LF:15
LH:0
BRDA:47,0,0,0
BRDA:47,0,1,0
BRDA:70,1,0,0
BRDA:70,1,1,0
BRF:4
BRH:0
end_of_record
TN:
SF:src\navigation\ManageStackNavigator.tsx
FN:11,ManageStackNavigator
FNF:1
FNH:0
FNDA:0,ManageStackNavigator
DA:8,0
DA:12,0
LF:2
LH:0
BRF:0
BRH:0
end_of_record
TN:
SF:src\navigation\MedicationsStackNavigator.tsx
FN:11,MedicationsStackNavigator
FNF:1
FNH:0
FNDA:0,MedicationsStackNavigator
DA:8,0
DA:12,0
LF:2
LH:0
BRF:0
BRH:0
end_of_record
TN:
SF:src\navigation\PatientTabNavigator.tsx
FN:19,PatientTabNavigator
FN:35,(anonymous_1)
FN:43,(anonymous_2)
FN:47,(anonymous_3)
FN:48,(anonymous_4)
FN:62,(anonymous_5)
FN:70,(anonymous_6)
FN:72,(anonymous_7)
FN:73,(anonymous_8)
FNF:9
FNH:0
FNDA:0,PatientTabNavigator
FNDA:0,(anonymous_1)
FNDA:0,(anonymous_2)
FNDA:0,(anonymous_3)
FNDA:0,(anonymous_4)
FNDA:0,(anonymous_5)
FNDA:0,(anonymous_6)
FNDA:0,(anonymous_7)
FNDA:0,(anonymous_8)
DA:12,0
DA:20,0
DA:22,0
DA:35,0
DA:44,0
DA:47,0
DA:51,0
DA:52,0
DA:53,0
DA:62,0
DA:70,0
DA:72,0
DA:74,0
DA:75,0
DA:76,0
LF:15
LH:0
BRDA:51,0,0,0
BRDA:51,0,1,0
BRDA:74,1,0,0
BRDA:74,1,1,0
BRF:4
BRH:0
end_of_record
TN:
SF:src\navigation\RootNavigator.tsx
FN:82,RootNavigator
FN:83,(anonymous_1)
FNF:2
FNH:0
FNDA:0,RootNavigator
FNDA:0,(anonymous_1)
DA:14,0
DA:23,0
DA:83,0
DA:85,0
LF:4
LH:0
BRDA:87,0,0,0
BRDA:87,0,1,0
BRDA:89,1,0,0
BRDA:89,1,1,0
BRF:4
BRH:0
end_of_record
TN:
SF:src\navigation\SettingsStackNavigator.tsx
FN:19,SettingsStackNavigator
FNF:1
FNH:0
FNDA:0,SettingsStackNavigator
DA:10,0
DA:20,0
LF:2
LH:0
BRF:0
BRH:0
end_of_record
TN:
SF:src\navigation\redirects.ts
FN:21,resolveRedirect
FNF:1
FNH:1
FNDA:11,resolveRedirect
DA:19,1
DA:28,11
DA:29,3
DA:31,8
DA:32,8
DA:33,3
DA:35,5
DA:36,5
DA:37,2
DA:39,3
LF:10
LH:10
BRDA:28,0,0,3
BRDA:28,0,1,8
BRDA:29,1,0,1
BRDA:29,1,1,2
BRDA:32,2,0,3
BRDA:32,2,1,5
BRDA:32,3,0,8
BRDA:32,3,1,7
BRDA:32,3,2,6
BRDA:35,4,0,2
BRDA:35,4,1,3
BRDA:36,5,0,2
BRDA:36,5,1,3
BRF:13
BRH:13
end_of_record
TN:
SF:src\navigation\routes.ts
FNF:0
FNH:0
DA:8,0
LF:1
LH:0
BRF:0
BRH:0
end_of_record
TN:
SF:src\navigation\types.ts
FNF:0
FNH:0
LF:0
LH:0
BRF:0
BRH:0
end_of_record
TN:
SF:src\screens\appointments\AppointmentFormScreen.tsx
FN:39,AppointmentFormScreen
FN:45,(anonymous_1)
FN:46,(anonymous_2)
FN:47,(anonymous_3)
FN:48,(anonymous_4)
FN:49,(anonymous_5)
FN:50,(anonymous_6)
FN:51,(anonymous_7)
FN:52,(anonymous_8)
FN:53,(anonymous_9)
FN:62,(anonymous_10)
FN:76,(anonymous_11)
FN:96,(anonymous_12)
FN:98,(anonymous_13)
FN:104,(anonymous_14)
FN:127,(anonymous_15)
FN:130,(anonymous_16)
FN:136,(anonymous_17)
FN:147,(anonymous_18)
FN:149,(anonymous_19)
FN:150,(anonymous_20)
FN:160,(anonymous_21)
FN:187,(anonymous_22)
FN:189,(anonymous_23)
FN:200,(anonymous_24)
FN:202,(anonymous_25)
FN:224,(anonymous_26)
FN:224,(anonymous_27)
FN:234,(anonymous_28)
FN:249,(anonymous_29)
FN:259,(anonymous_30)
FN:277,(anonymous_31)
FN:295,(anonymous_32)
FNF:33
FNH:0
FNDA:0,AppointmentFormScreen
FNDA:0,(anonymous_1)
FNDA:0,(anonymous_2)
FNDA:0,(anonymous_3)
FNDA:0,(anonymous_4)
FNDA:0,(anonymous_5)
FNDA:0,(anonymous_6)
FNDA:0,(anonymous_7)
FNDA:0,(anonymous_8)
FNDA:0,(anonymous_9)
FNDA:0,(anonymous_10)
FNDA:0,(anonymous_11)
FNDA:0,(anonymous_12)
FNDA:0,(anonymous_13)
FNDA:0,(anonymous_14)
FNDA:0,(anonymous_15)
FNDA:0,(anonymous_16)
FNDA:0,(anonymous_17)
FNDA:0,(anonymous_18)
FNDA:0,(anonymous_19)
FNDA:0,(anonymous_20)
FNDA:0,(anonymous_21)
FNDA:0,(anonymous_22)
FNDA:0,(anonymous_23)
FNDA:0,(anonymous_24)
FNDA:0,(anonymous_25)
FNDA:0,(anonymous_26)
FNDA:0,(anonymous_27)
FNDA:0,(anonymous_28)
FNDA:0,(anonymous_29)
FNDA:0,(anonymous_30)
FNDA:0,(anonymous_31)
FNDA:0,(anonymous_32)
DA:33,0
DA:34,0
DA:40,0
DA:41,0
DA:42,0
DA:43,0
DA:45,0
DA:46,0
DA:47,0
DA:48,0
DA:49,0
DA:50,0
DA:51,0
DA:52,0
DA:53,0
DA:54,0
DA:56,0
DA:57,0
DA:58,0
DA:59,0
DA:60,0
DA:62,0
DA:63,0
DA:64,0
DA:65,0
DA:66,0
DA:71,0
DA:72,0
DA:73,0
DA:74,0
DA:76,0
DA:77,0
DA:78,0
DA:79,0
DA:80,0
DA:81,0
DA:82,0
DA:84,0
DA:85,0
DA:87,0
DA:88,0
DA:90,0
DA:91,0
DA:92,0
DA:93,0
DA:96,0
DA:97,0
DA:98,0
DA:100,0
DA:104,0
DA:105,0
DA:106,0
DA:107,0
DA:114,0
DA:115,0
DA:122,0
DA:123,0
DA:124,0
DA:127,0
DA:128,0
DA:129,0
DA:130,0
DA:131,0
DA:133,0
DA:136,0
DA:137,0
DA:138,0
DA:139,0
DA:148,0
DA:149,0
DA:151,0
DA:152,0
DA:160,0
DA:161,0
DA:162,0
DA:165,0
DA:188,0
DA:189,0
DA:201,0
DA:202,0
DA:224,0
DA:235,0
DA:236,0
DA:237,0
DA:239,0
DA:240,0
DA:250,0
DA:251,0
DA:252,0
DA:259,0
DA:260,0
DA:277,0
DA:295,0
DA:310,0
LF:94
LH:0
BRDA:54,0,0,0
BRDA:54,0,1,0
BRDA:63,1,0,0
BRDA:63,1,1,0
BRDA:65,2,0,0
BRDA:65,2,1,0
BRDA:74,3,0,0
BRDA:74,3,1,0
BRDA:80,4,0,0
BRDA:80,4,1,0
BRDA:81,5,0,0
BRDA:81,5,1,0
BRDA:84,6,0,0
BRDA:84,6,1,0
BRDA:87,7,0,0
BRDA:87,7,1,0
BRDA:93,8,0,0
BRDA:93,8,1,0
BRDA:93,8,2,0
BRDA:97,9,0,0
BRDA:97,9,1,0
BRDA:106,10,0,0
BRDA:106,10,1,0
BRDA:111,11,0,0
BRDA:111,11,1,0
BRDA:112,12,0,0
BRDA:112,12,1,0
BRDA:114,13,0,0
BRDA:114,13,1,0
BRDA:123,14,0,0
BRDA:123,14,1,0
BRDA:128,15,0,0
BRDA:128,15,1,0
BRDA:129,16,0,0
BRDA:129,16,1,0
BRDA:138,17,0,0
BRDA:138,17,1,0
BRDA:161,18,0,0
BRDA:161,18,1,0
BRDA:167,19,0,0
BRDA:167,19,1,0
BRDA:178,20,0,0
BRDA:178,20,1,0
BRDA:188,21,0,0
BRDA:188,21,1,0
BRDA:201,22,0,0
BRDA:201,22,1,0
BRDA:229,23,0,0
BRDA:229,23,1,0
BRDA:229,24,0,0
BRDA:229,24,1,0
BRDA:233,25,0,0
BRDA:233,25,1,0
BRDA:235,26,0,0
BRDA:235,26,1,0
BRDA:235,27,0,0
BRDA:235,27,1,0
BRDA:244,28,0,0
BRDA:244,28,1,0
BRDA:244,29,0,0
BRDA:244,29,1,0
BRDA:248,30,0,0
BRDA:248,30,1,0
BRDA:251,31,0,0
BRDA:251,31,1,0
BRDA:251,32,0,0
BRDA:251,32,1,0
BRDA:279,33,0,0
BRDA:279,33,1,0
BRDA:283,34,0,0
BRDA:283,34,1,0
BRDA:283,35,0,0
BRDA:283,35,1,0
BRDA:288,36,0,0
BRDA:288,36,1,0
BRDA:295,37,0,0
BRDA:295,37,1,0
BRF:77
BRH:0
end_of_record
TN:
SF:src\screens\auth\SignInScreen.tsx
FN:23,validateEmailAddress
FN:37,SignInScreen
FN:39,(anonymous_2)
FN:44,(anonymous_3)
FN:48,(anonymous_4)
FN:73,(anonymous_5)
FN:94,(anonymous_6)
FN:105,(anonymous_7)
FN:120,(anonymous_8)
FNF:9
FNH:9
FNDA:8,validateEmailAddress
FNDA:8,SignInScreen
FNDA:26,(anonymous_2)
FNDA:2,(anonymous_3)
FNDA:2,(anonymous_4)
FNDA:7,(anonymous_5)
FNDA:1,(anonymous_6)
FNDA:7,(anonymous_7)
FNDA:16,(anonymous_8)
DA:24,8
DA:25,8
DA:26,3
DA:28,5
DA:29,5
DA:30,3
DA:32,2
DA:35,1
DA:38,8
DA:39,26
DA:40,8
DA:41,8
DA:42,8
DA:44,8
DA:45,2
DA:48,8
DA:49,2
DA:50,2
DA:51,2
DA:52,1
DA:55,8
DA:73,7
DA:95,1
DA:96,1
DA:105,7
DA:120,16
DA:128,1
LF:27
LH:27
BRDA:25,0,0,3
BRDA:25,0,1,5
BRDA:29,1,0,3
BRDA:29,1,1,2
BRDA:29,2,0,5
BRDA:29,2,1,3
BRDA:29,2,2,3
BRDA:51,3,0,1
BRDA:51,3,1,1
BRDA:75,4,0,0
BRDA:75,4,1,7
BRDA:96,5,0,1
BRDA:96,5,1,0
BRDA:107,6,0,0
BRDA:107,6,1,7
BRF:15
BRH:12
end_of_record
TN:
SF:src\screens\caregiver\ActivityTimelineScreen.tsx
FN:25,ActivityTimelineScreen
FN:27,(anonymous_1)
FN:28,(anonymous_2)
FN:47,(anonymous_3)
FN:55,(anonymous_4)
FN:56,(anonymous_5)
FN:87,(anonymous_6)
FN:98,(anonymous_7)
FNF:8
FNH:8
FNDA:6,ActivityTimelineScreen
FNDA:20,(anonymous_1)
FNDA:20,(anonymous_2)
FNDA:18,(anonymous_3)
FNDA:2,(anonymous_4)
FNDA:18,(anonymous_5)
FNDA:10,(anonymous_6)
FNDA:28,(anonymous_7)
DA:19,1
DA:26,6
DA:27,20
DA:28,20
DA:29,6
DA:31,6
DA:48,18
DA:49,18
DA:55,2
DA:56,18
DA:87,10
DA:99,28
DA:111,1
LF:13
LH:13
BRDA:59,0,0,6
BRDA:59,0,1,12
BRDA:60,1,0,6
BRDA:60,1,1,12
BRDA:62,2,0,0
BRDA:62,2,1,18
BRDA:68,3,0,6
BRDA:68,3,1,12
BRDA:78,4,0,1
BRDA:78,4,1,5
BRF:10
BRH:9
end_of_record
TN:
SF:src\screens\caregiver\CaregiverDashboardScreen.tsx
FN:35,CaregiverDashboardScreen
FN:38,(anonymous_1)
FN:40,(anonymous_2)
FN:73,(anonymous_3)
FN:80,(anonymous_4)
FN:100,(anonymous_5)
FN:109,(anonymous_6)
FNF:7
FNH:7
FNDA:5,CaregiverDashboardScreen
FNDA:15,(anonymous_1)
FNDA:16,(anonymous_2)
FNDA:4,(anonymous_3)
FNDA:1,(anonymous_4)
FNDA:1,(anonymous_5)
FNDA:1,(anonymous_6)
DA:36,5
DA:37,5
DA:38,15
DA:39,5
DA:40,16
DA:41,5
DA:42,5
DA:43,5
DA:44,5
DA:46,5
DA:74,4
DA:75,4
DA:81,1
DA:100,1
DA:109,1
LF:15
LH:15
BRDA:43,0,0,1
BRDA:43,0,1,4
BRDA:44,1,0,5
BRDA:44,1,1,4
BRDA:44,1,2,4
BRDA:63,2,0,1
BRDA:63,2,1,4
BRDA:63,3,0,5
BRDA:63,3,1,1
BRDA:78,4,0,4
BRDA:78,4,1,0
BRDA:92,5,0,4
BRDA:92,5,1,1
BRDA:92,6,0,5
BRDA:92,6,1,4
BRDA:92,6,2,4
BRF:16
BRH:15
end_of_record
TN:
SF:src\screens\caregiver\ManageScreen.tsx
FN:37,ManageScreen
FN:44,(anonymous_1)
FN:45,(anonymous_2)
FN:47,(anonymous_3)
FN:67,(anonymous_4)
FN:72,(anonymous_5)
FN:80,(anonymous_6)
FN:81,(anonymous_7)
FN:94,(anonymous_8)
FN:100,(anonymous_9)
FN:108,(anonymous_10)
FN:109,(anonymous_11)
FN:125,ManageMedicationRow
FN:134,(anonymous_13)
FNF:14
FNH:14
FNDA:4,ManageScreen
FNDA:1,(anonymous_1)
FNDA:1,(anonymous_2)
FNDA:2,(anonymous_3)
FNDA:16,(anonymous_4)
FNDA:1,(anonymous_5)
FNDA:1,(anonymous_6)
FNDA:4,(anonymous_7)
FNDA:12,(anonymous_8)
FNDA:1,(anonymous_9)
FNDA:1,(anonymous_10)
FNDA:4,(anonymous_11)
FNDA:16,ManageMedicationRow
FNDA:48,(anonymous_13)
DA:38,4
DA:39,4
DA:40,4
DA:41,4
DA:42,4
DA:44,4
DA:45,4
DA:46,1
DA:47,4
DA:48,2
DA:50,4
DA:68,16
DA:72,1
DA:80,1
DA:81,4
DA:95,12
DA:100,1
DA:108,1
DA:109,4
DA:134,48
DA:135,16
DA:136,16
DA:137,16
DA:139,16
DA:144,1
LF:25
LH:25
BRDA:46,0,0,0
BRDA:46,0,1,1
BRDA:48,1,0,1
BRDA:48,1,1,1
BRDA:83,2,0,0
BRDA:83,2,1,4
BRDA:111,3,0,0
BRDA:111,3,1,4
BRDA:136,4,0,0
BRDA:136,4,1,16
BRDA:137,5,0,0
BRDA:137,5,1,16
BRF:12
BRH:7
end_of_record
TN:
SF:src\screens\medications\MedicationDetailScreen.tsx
FN:41,MedicationDetailScreen
FN:49,(anonymous_1)
FN:50,(anonymous_2)
FN:51,(anonymous_3)
FN:56,(anonymous_4)
FN:70,(anonymous_5)
FN:79,(anonymous_6)
FN:80,(anonymous_7)
FN:95,(anonymous_8)
FN:132,(anonymous_9)
FN:144,(anonymous_10)
FN:147,(anonymous_11)
FN:163,(anonymous_12)
FN:176,DoseRow
FN:178,(anonymous_14)
FN:179,(anonymous_15)
FN:181,(anonymous_16)
FN:182,(anonymous_17)
FN:186,(anonymous_18)
FN:200,(anonymous_19)
FN:201,(anonymous_20)
FNF:21
FNH:18
FNDA:9,MedicationDetailScreen
FNDA:27,(anonymous_1)
FNDA:43,(anonymous_2)
FNDA:30,(anonymous_3)
FNDA:0,(anonymous_4)
FNDA:1,(anonymous_5)
FNDA:1,(anonymous_6)
FNDA:1,(anonymous_7)
FNDA:0,(anonymous_8)
FNDA:14,(anonymous_9)
FNDA:1,(anonymous_10)
FNDA:7,(anonymous_11)
FNDA:7,(anonymous_12)
FNDA:14,DoseRow
FNDA:48,(anonymous_14)
FNDA:48,(anonymous_15)
FNDA:1,(anonymous_16)
FNDA:1,(anonymous_17)
FNDA:0,(anonymous_18)
FNDA:1,(anonymous_19)
FNDA:5,(anonymous_20)
DA:42,9
DA:43,9
DA:44,9
DA:45,9
DA:47,9
DA:48,9
DA:49,27
DA:50,43
DA:51,30
DA:53,9
DA:54,2
DA:56,0
DA:68,7
DA:70,7
DA:71,1
DA:80,1
DA:81,1
DA:82,1
DA:90,7
DA:95,0
DA:133,14
DA:145,1
DA:147,7
DA:163,7
DA:177,14
DA:178,48
DA:179,48
DA:181,14
DA:182,1
DA:183,1
DA:184,1
DA:186,0
DA:191,14
DA:200,1
DA:201,5
DA:218,1
LF:36
LH:33
BRDA:53,0,0,2
BRDA:53,0,1,7
BRDA:53,1,0,9
BRDA:53,1,1,8
BRDA:112,2,0,0
BRDA:112,2,1,7
BRDA:114,3,0,0
BRDA:114,3,1,7
BRDA:126,4,0,0
BRDA:126,4,1,7
BRDA:149,5,0,0
BRDA:149,5,1,7
BRDA:163,6,0,0
BRDA:163,6,1,7
BRDA:196,7,0,5
BRDA:196,7,1,9
BRDA:203,8,0,0
BRDA:203,8,1,5
BRF:18
BRH:12
end_of_record
TN:
SF:src\screens\medications\MedicationFormScreen.tsx
FN:42,MedicationFormScreen
FN:48,(anonymous_1)
FN:49,(anonymous_2)
FN:50,(anonymous_3)
FN:51,(anonymous_4)
FN:52,(anonymous_5)
FN:53,(anonymous_6)
FN:54,(anonymous_7)
FN:55,(anonymous_8)
FN:63,(anonymous_9)
FN:77,(anonymous_10)
FN:97,(anonymous_11)
FN:99,(anonymous_12)
FN:105,(anonymous_13)
FN:130,(anonymous_14)
FN:133,(anonymous_15)
FN:139,(anonymous_16)
FN:141,(anonymous_17)
FN:149,(anonymous_18)
FN:150,(anonymous_19)
FN:150,(anonymous_20)
FN:175,(anonymous_21)
FN:177,(anonymous_22)
FN:188,(anonymous_23)
FN:190,(anonymous_24)
FN:205,(anonymous_25)
FN:219,(anonymous_26)
FN:238,(anonymous_27)
FN:239,(anonymous_28)
FN:254,(anonymous_29)
FN:267,(anonymous_30)
FN:267,(anonymous_31)
FN:286,(anonymous_32)
FN:302,ReviewCard
FN:309,(anonymous_34)
FNF:35
FNH:29
FNDA:23,MedicationFormScreen
FNDA:83,(anonymous_1)
FNDA:83,(anonymous_2)
FNDA:83,(anonymous_3)
FNDA:83,(anonymous_4)
FNDA:83,(anonymous_5)
FNDA:83,(anonymous_6)
FNDA:69,(anonymous_7)
FNDA:69,(anonymous_8)
FNDA:4,(anonymous_9)
FNDA:6,(anonymous_10)
FNDA:1,(anonymous_11)
FNDA:1,(anonymous_12)
FNDA:1,(anonymous_13)
FNDA:6,(anonymous_14)
FNDA:3,(anonymous_15)
FNDA:1,(anonymous_16)
FNDA:1,(anonymous_17)
FNDA:0,(anonymous_18)
FNDA:0,(anonymous_19)
FNDA:0,(anonymous_20)
FNDA:2,(anonymous_21)
FNDA:2,(anonymous_22)
FNDA:2,(anonymous_23)
FNDA:2,(anonymous_24)
FNDA:1,(anonymous_25)
FNDA:0,(anonymous_26)
FNDA:1,(anonymous_27)
FNDA:5,(anonymous_28)
FNDA:1,(anonymous_29)
FNDA:0,(anonymous_30)
FNDA:0,(anonymous_31)
FNDA:22,(anonymous_32)
FNDA:1,ReviewCard
FNDA:4,(anonymous_34)
DA:35,1
DA:36,1
DA:43,23
DA:44,23
DA:45,23
DA:46,23
DA:48,83
DA:49,83
DA:50,83
DA:51,83
DA:52,83
DA:53,83
DA:54,69
DA:55,69
DA:56,23
DA:58,23
DA:59,23
DA:60,23
DA:61,23
DA:63,23
DA:64,4
DA:65,3
DA:66,1
DA:67,1
DA:73,23
DA:74,23
DA:75,23
DA:77,23
DA:78,6
DA:79,6
DA:80,6
DA:81,6
DA:82,3
DA:83,1
DA:85,3
DA:86,1
DA:88,3
DA:89,1
DA:91,6
DA:92,6
DA:93,6
DA:94,6
DA:97,23
DA:98,1
DA:99,1
DA:101,0
DA:105,23
DA:106,1
DA:107,1
DA:108,0
DA:116,1
DA:123,1
DA:124,1
DA:127,1
DA:130,23
DA:131,6
DA:132,4
DA:133,3
DA:134,3
DA:136,1
DA:139,23
DA:140,1
DA:141,1
DA:142,1
DA:146,1
DA:149,23
DA:150,0
DA:153,23
DA:176,2
DA:177,2
DA:189,2
DA:190,2
DA:206,1
DA:219,0
DA:238,1
DA:239,5
DA:255,1
DA:256,1
DA:257,1
DA:267,0
DA:286,22
DA:307,1
DA:308,1
DA:309,1
DA:310,4
DA:315,1
DA:325,1
LF:87
LH:82
BRDA:56,0,0,23
BRDA:56,0,1,20
BRDA:64,1,0,3
BRDA:64,1,1,1
BRDA:66,2,0,1
BRDA:66,2,1,0
BRDA:81,3,0,3
BRDA:81,3,1,3
BRDA:82,4,0,1
BRDA:82,4,1,2
BRDA:85,5,0,1
BRDA:85,5,1,2
BRDA:88,6,0,1
BRDA:88,6,1,2
BRDA:88,7,0,3
BRDA:88,7,1,2
BRDA:94,8,0,6
BRDA:94,8,1,5
BRDA:94,8,2,5
BRDA:98,9,0,1
BRDA:98,9,1,0
BRDA:107,10,0,0
BRDA:107,10,1,1
BRDA:113,11,0,0
BRDA:113,11,1,0
BRDA:125,12,0,0
BRDA:125,12,1,1
BRDA:131,13,0,2
BRDA:131,13,1,4
BRDA:132,14,0,3
BRDA:132,14,1,1
BRDA:142,15,0,0
BRDA:142,15,1,1
BRDA:155,16,0,2
BRDA:155,16,1,21
BRDA:166,17,0,16
BRDA:166,17,1,7
BRDA:176,18,0,0
BRDA:176,18,1,2
BRDA:189,19,0,0
BRDA:189,19,1,2
BRDA:196,20,0,5
BRDA:196,20,1,18
BRDA:200,21,0,4
BRDA:200,21,1,1
BRDA:226,22,0,2
BRDA:226,22,1,3
BRDA:241,23,0,0
BRDA:241,23,1,5
BRDA:249,24,0,2
BRDA:249,24,1,3
BRDA:253,25,0,2
BRDA:253,25,1,0
BRDA:255,26,0,0
BRDA:255,26,1,1
BRDA:256,27,0,0
BRDA:256,27,1,1
BRDA:256,28,0,1
BRDA:256,28,1,1
BRDA:272,29,0,2
BRDA:272,29,1,21
BRDA:288,30,0,0
BRDA:288,30,1,22
BRDA:292,31,0,21
BRDA:292,31,1,2
BRDA:292,32,0,0
BRDA:292,32,1,2
BRDA:319,33,0,0
BRDA:319,33,1,1
BRDA:320,34,0,1
BRDA:320,34,1,0
BRF:71
BRH:54
end_of_record
TN:
SF:src\screens\medications\MedicationsScreen.tsx
FN:34,MedicationsScreen
FN:64,(anonymous_1)
FN:68,(anonymous_2)
FN:80,(anonymous_3)
FN:81,(anonymous_4)
FN:97,MedicationCard
FN:99,(anonymous_6)
FN:108,(anonymous_7)
FNF:8
FNH:8
FNDA:3,MedicationsScreen
FNDA:8,(anonymous_1)
FNDA:1,(anonymous_2)
FNDA:1,(anonymous_3)
FNDA:3,(anonymous_4)
FNDA:8,MedicationCard
FNDA:24,(anonymous_6)
FNDA:8,(anonymous_7)
DA:35,3
DA:36,3
DA:37,3
DA:38,3
DA:40,3
DA:65,8
DA:69,1
DA:80,1
DA:81,3
DA:98,8
DA:99,24
DA:100,8
DA:102,8
DA:108,8
DA:133,1
LF:15
LH:15
BRDA:55,0,0,1
BRDA:55,0,1,2
BRDA:83,1,0,0
BRDA:83,1,1,3
BRDA:111,2,0,0
BRDA:111,2,1,8
BRDA:116,3,0,8
BRDA:116,3,1,0
BRDA:121,4,0,4
BRDA:121,4,1,4
BRF:10
BRH:7
end_of_record
TN:
SF:src\screens\patient\AppointmentsScreen.tsx
FN:22,AppointmentsScreen
FN:28,(anonymous_1)
FN:55,(anonymous_2)
FN:61,(anonymous_3)
FN:70,(anonymous_4)
FN:71,(anonymous_5)
FNF:6
FNH:6
FNDA:3,AppointmentsScreen
FNDA:2,(anonymous_1)
FNDA:6,(anonymous_2)
FNDA:1,(anonymous_3)
FNDA:1,(anonymous_4)
FNDA:3,(anonymous_5)
DA:23,3
DA:24,3
DA:25,3
DA:26,3
DA:28,3
DA:29,2
DA:32,3
DA:56,6
DA:61,1
DA:70,1
DA:71,3
DA:87,1
LF:12
LH:12
BRDA:29,0,0,1
BRDA:29,0,1,1
BRDA:47,1,0,1
BRDA:47,1,1,2
BRDA:73,2,0,0
BRDA:73,2,1,3
BRF:6
BRH:5
end_of_record
TN:
SF:src\screens\patient\TodayScreen.tsx
FN:38,markDoseTaken
FN:44,(anonymous_1)
FN:48,TodayScreen
FN:51,(anonymous_3)
FN:55,(anonymous_4)
FN:63,(anonymous_5)
FN:75,(anonymous_6)
FN:84,(anonymous_7)
FN:88,(anonymous_8)
FN:115,(anonymous_9)
FNF:10
FNH:9
FNDA:3,markDoseTaken
FNDA:0,(anonymous_1)
FNDA:6,TodayScreen
FNDA:18,(anonymous_3)
FNDA:19,(anonymous_4)
FNDA:1,(anonymous_5)
FNDA:4,(anonymous_6)
FNDA:1,(anonymous_7)
FNDA:4,(anonymous_8)
FNDA:1,(anonymous_9)
DA:39,3
DA:40,3
DA:41,3
DA:42,3
DA:44,0
DA:49,6
DA:50,6
DA:51,18
DA:52,6
DA:53,6
DA:54,6
DA:55,19
DA:57,6
DA:59,6
DA:63,6
DA:64,1
DA:68,6
DA:76,4
DA:77,4
DA:78,4
DA:84,1
DA:88,4
DA:90,6
DA:115,1
LF:24
LH:23
BRDA:57,0,0,1
BRDA:57,0,1,5
BRDA:59,1,0,1
BRDA:59,1,1,5
BRDA:59,2,0,6
BRDA:59,2,1,5
BRDA:68,3,0,2
BRDA:68,3,1,4
BRDA:77,4,0,0
BRDA:77,4,1,4
BRDA:107,5,0,5
BRDA:107,5,1,1
BRDA:107,6,0,6
BRDA:107,6,1,5
BRF:14
BRH:13
end_of_record
TN:
SF:src\screens\settings\AppSettingsScreen.tsx
FN:35,AppSettingsScreen
FN:38,(anonymous_1)
FN:39,(anonymous_2)
FN:40,(anonymous_3)
FN:43,(anonymous_4)
FN:49,(anonymous_5)
FN:61,(anonymous_6)
FN:62,(anonymous_7)
FN:62,(anonymous_8)
FN:71,(anonymous_9)
FN:79,(anonymous_10)
FN:80,(anonymous_11)
FN:89,(anonymous_12)
FN:120,(anonymous_13)
FN:152,(anonymous_14)
FN:162,(anonymous_15)
FN:187,(anonymous_16)
FN:188,(anonymous_17)
FNF:18
FNH:18
FNDA:10,AppSettingsScreen
FNDA:31,(anonymous_1)
FNDA:31,(anonymous_2)
FNDA:33,(anonymous_3)
FNDA:32,(anonymous_4)
FNDA:2,(anonymous_5)
FNDA:1,(anonymous_6)
FNDA:1,(anonymous_7)
FNDA:1,(anonymous_8)
FNDA:1,(anonymous_9)
FNDA:1,(anonymous_10)
FNDA:1,(anonymous_11)
FNDA:1,(anonymous_12)
FNDA:1,(anonymous_13)
FNDA:2,(anonymous_14)
FNDA:10,(anonymous_15)
FNDA:1,(anonymous_16)
FNDA:10,(anonymous_17)
DA:27,1
DA:29,1
DA:36,10
DA:37,10
DA:38,31
DA:39,31
DA:40,33
DA:41,10
DA:42,10
DA:43,32
DA:45,10
DA:46,10
DA:47,10
DA:49,10
DA:50,2
DA:51,1
DA:52,1
DA:54,1
DA:62,1
DA:63,1
DA:71,10
DA:72,1
DA:80,1
DA:87,10
DA:89,1
DA:120,1
DA:152,2
DA:162,10
DA:187,1
DA:188,10
LF:30
LH:30
BRDA:45,0,0,10
BRDA:45,0,1,1
BRDA:46,1,0,0
BRDA:46,1,1,10
BRDA:47,2,0,10
BRDA:47,2,1,10
BRDA:47,3,0,0
BRDA:47,3,1,10
BRDA:50,4,0,1
BRDA:50,4,1,1
BRDA:171,5,0,0
BRDA:171,5,1,10
BRDA:197,6,0,0
BRDA:197,6,1,10
BRF:14
BRH:10
end_of_record
TN:
SF:src\screens\settings\CaregiverAccessScreen.tsx
FN:31,CaregiverAccessScreen
FN:35,(anonymous_1)
FN:36,(anonymous_2)
FN:44,(anonymous_3)
FN:73,(anonymous_4)
FN:120,(anonymous_5)
FNF:6
FNH:6
FNDA:4,CaregiverAccessScreen
FNDA:13,(anonymous_1)
FNDA:13,(anonymous_2)
FNDA:1,(anonymous_3)
FNDA:16,(anonymous_4)
FNDA:1,(anonymous_5)
DA:24,1
DA:32,4
DA:33,4
DA:34,4
DA:35,13
DA:36,13
DA:37,4
DA:39,4
DA:44,1
DA:74,16
DA:120,1
LF:11
LH:11
BRDA:113,0,0,3
BRDA:113,0,1,1
BRF:2
BRH:2
end_of_record
TN:
SF:src\screens\settings\NotificationsSettingsScreen.tsx
FN:24,NotificationsSettingsScreen
FN:27,(anonymous_1)
FN:31,(anonymous_2)
FN:49,(anonymous_3)
FN:77,(anonymous_4)
FN:78,(anonymous_5)
FNF:6
FNH:6
FNDA:6,NotificationsSettingsScreen
FNDA:20,(anonymous_1)
FNDA:1,(anonymous_2)
FNDA:1,(anonymous_3)
FNDA:1,(anonymous_4)
FNDA:18,(anonymous_5)
DA:25,6
DA:26,6
DA:27,20
DA:29,6
DA:31,1
DA:49,1
DA:77,1
DA:78,18
DA:90,1
LF:9
LH:9
BRF:0
BRH:0
end_of_record
TN:
SF:src\screens\settings\SettingsScreen.tsx
FN:20,SettingsScreen
FN:57,(anonymous_1)
FN:67,(anonymous_2)
FN:77,(anonymous_3)
FNF:4
FNH:4
FNDA:2,SettingsScreen
FNDA:1,(anonymous_1)
FNDA:1,(anonymous_2)
FNDA:1,(anonymous_3)
DA:21,2
DA:22,2
DA:23,2
DA:24,2
DA:25,2
DA:27,2
DA:57,1
DA:67,1
DA:77,1
LF:9
LH:9
BRDA:32,0,0,1
BRDA:32,0,1,1
BRDA:59,1,0,1
BRDA:59,1,1,1
BRF:4
BRH:4
end_of_record
TN:
SF:src\state\activityFilterStore.ts
FN:15,(anonymous_0)
FN:17,(anonymous_1)
FNF:2
FNH:2
FNDA:2,(anonymous_0)
FNDA:4,(anonymous_1)
DA:15,2
DA:17,4
LF:2
LH:2
BRF:0
BRH:0
end_of_record
TN:
SF:src\state\careDataStore.ts
FN:38,setIdGenerator
FN:42,nullIfBlank
FN:47,replaceDose
FN:48,(anonymous_3)
FN:56,withDosesForDay
FN:62,(anonymous_5)
FN:118,(anonymous_6)
FN:121,now
FN:125,actor
FN:130,persist
FN:134,transition
FN:169,(anonymous_11)
FN:171,(anonymous_12)
FN:172,(anonymous_13)
FN:174,(anonymous_14)
FN:188,(anonymous_15)
FN:195,(anonymous_16)
FN:203,(anonymous_17)
FN:234,(anonymous_18)
FN:241,(anonymous_19)
FN:248,(anonymous_20)
FN:254,(anonymous_21)
FN:271,(anonymous_22)
FN:278,(anonymous_23)
FN:282,(anonymous_24)
FN:298,(anonymous_25)
FN:327,(anonymous_26)
FN:332,(anonymous_27)
FN:347,(anonymous_28)
FN:353,(anonymous_29)
FN:368,(anonymous_30)
FN:382,(anonymous_31)
FNF:32
FNH:32
FNDA:14,setIdGenerator
FNDA:4,nullIfBlank
FNDA:12,replaceDose
FNDA:120,(anonymous_3)
FNDA:24,withDosesForDay
FNDA:993,(anonymous_5)
FNDA:14,(anonymous_6)
FNDA:25,now
FNDA:19,actor
FNDA:25,persist
FNDA:11,transition
FNDA:62,(anonymous_11)
FNDA:9,(anonymous_12)
FNDA:2,(anonymous_13)
FNDA:3,(anonymous_14)
FNDA:16,(anonymous_15)
FNDA:14,(anonymous_16)
FNDA:2,(anonymous_17)
FNDA:2,(anonymous_18)
FNDA:2,(anonymous_19)
FNDA:10,(anonymous_20)
FNDA:8,(anonymous_21)
FNDA:2,(anonymous_22)
FNDA:8,(anonymous_23)
FNDA:20,(anonymous_24)
FNDA:1,(anonymous_25)
FNDA:1,(anonymous_26)
FNDA:4,(anonymous_27)
FNDA:1,(anonymous_28)
FNDA:4,(anonymous_29)
FNDA:3,(anonymous_30)
FNDA:120,(anonymous_31)
DA:35,14
DA:39,14
DA:43,4
DA:44,4
DA:48,120
DA:57,24
DA:58,24
DA:59,98
DA:60,121
DA:61,121
DA:62,993
DA:64,121
DA:65,13
DA:74,24
DA:75,5
DA:116,14
DA:118,14
DA:119,14
DA:122,25
DA:126,19
DA:127,19
DA:131,25
DA:135,11
DA:136,11
DA:137,11
DA:138,10
DA:139,10
DA:141,10
DA:142,10
DA:148,10
DA:149,10
DA:155,10
DA:157,10
DA:162,10
DA:163,10
DA:166,14
DA:169,62
DA:171,9
DA:172,2
DA:175,3
DA:176,3
DA:177,3
DA:178,3
DA:179,3
DA:180,3
DA:181,1
DA:184,2
DA:185,2
DA:188,16
DA:190,2
DA:191,2
DA:192,2
DA:196,14
DA:197,14
DA:198,14
DA:199,1
DA:200,1
DA:204,2
DA:205,2
DA:214,2
DA:215,2
DA:228,2
DA:229,2
DA:230,2
DA:231,2
DA:235,2
DA:236,2
DA:237,2
DA:238,2
DA:240,2
DA:241,2
DA:243,2
DA:244,2
DA:247,1
DA:249,10
DA:252,2
DA:254,8
DA:266,2
DA:267,2
DA:268,2
DA:272,2
DA:273,2
DA:274,2
DA:275,2
DA:276,2
DA:279,8
DA:282,20
DA:294,2
DA:295,2
DA:299,1
DA:300,1
DA:309,1
DA:322,1
DA:323,1
DA:324,1
DA:328,1
DA:329,1
DA:330,1
DA:332,4
DA:343,1
DA:344,1
DA:348,1
DA:349,1
DA:350,1
DA:351,1
DA:353,4
DA:364,1
DA:365,1
DA:369,3
DA:370,3
DA:371,3
DA:372,3
DA:373,3
DA:382,14
DA:383,120
DA:384,12
LF:116
LH:116
BRDA:44,0,0,4
BRDA:44,0,1,0
BRDA:44,1,0,4
BRDA:44,1,1,3
BRDA:48,2,0,12
BRDA:48,2,1,108
BRDA:62,3,0,993
BRDA:62,3,1,310
BRDA:64,4,0,13
BRDA:64,4,1,108
BRDA:74,5,0,19
BRDA:74,5,1,5
BRDA:126,6,0,19
BRDA:126,6,1,17
BRDA:127,7,0,1
BRDA:127,7,1,18
BRDA:137,8,0,1
BRDA:137,8,1,10
BRDA:139,9,0,0
BRDA:139,9,1,10
BRDA:148,10,0,8
BRDA:148,10,1,2
BRDA:179,11,0,0
BRDA:179,11,1,3
BRDA:179,12,0,3
BRDA:179,12,1,3
BRDA:180,13,0,1
BRDA:180,13,1,2
BRDA:180,14,0,3
BRDA:180,14,1,3
BRDA:198,15,0,13
BRDA:198,15,1,1
BRDA:237,16,0,0
BRDA:237,16,1,2
BRDA:240,17,0,2
BRDA:240,17,1,1
BRDA:244,18,0,1
BRDA:244,18,1,1
BRDA:249,19,0,10
BRDA:249,19,1,4
BRDA:249,19,2,1
BRDA:254,20,0,2
BRDA:254,20,1,6
BRDA:274,21,0,0
BRDA:274,21,1,2
BRDA:279,22,0,2
BRDA:279,22,1,6
BRDA:282,23,0,20
BRDA:282,23,1,6
BRDA:329,24,0,0
BRDA:329,24,1,1
BRDA:332,25,0,1
BRDA:332,25,1,3
BRDA:350,26,0,0
BRDA:350,26,1,1
BRDA:383,27,0,12
BRDA:383,27,1,108
BRF:57
BRH:50
end_of_record
TN:
SF:src\state\clockStore.ts
FN:22,(anonymous_0)
FN:25,(anonymous_1)
FN:29,(anonymous_2)
FN:39,(anonymous_3)
FN:51,startClockTicking
FN:53,(anonymous_5)
FN:60,stopClockTicking
FNF:7
FNH:6
FNDA:18,(anonymous_0)
FNDA:63,(anonymous_1)
FNDA:73,(anonymous_2)
FNDA:36,(anonymous_3)
FNDA:3,startClockTicking
FNDA:0,(anonymous_5)
FNDA:3,stopClockTicking
DA:22,18
DA:26,63
DA:27,63
DA:30,73
DA:31,73
DA:32,73
DA:39,18
DA:40,36
DA:41,7
DA:45,18
DA:52,3
DA:53,3
DA:54,0
DA:55,0
DA:56,0
DA:61,3
DA:62,3
LF:17
LH:14
BRDA:32,0,0,6
BRDA:32,0,1,67
BRDA:40,1,0,7
BRDA:40,1,1,29
BRDA:52,2,0,0
BRDA:52,2,1,3
BRDA:55,3,0,0
BRDA:55,3,1,0
BRDA:61,4,0,3
BRDA:61,4,1,0
BRF:10
BRH:6
end_of_record
TN:
SF:src\state\draftStore.ts
FN:62,(anonymous_0)
FN:63,saveMedicationDraft
FN:68,saveAppointmentDraft
FN:79,(anonymous_3)
FN:80,(anonymous_4)
FN:82,(anonymous_5)
FN:83,(anonymous_6)
FN:85,(anonymous_7)
FN:90,(anonymous_8)
FN:96,(anonymous_9)
FN:112,(anonymous_10)
FN:119,(anonymous_11)
FN:126,(anonymous_12)
FN:127,(anonymous_13)
FN:132,(anonymous_14)
FN:137,(anonymous_15)
FN:143,(anonymous_16)
FN:159,(anonymous_17)
FN:166,(anonymous_18)
FNF:19
FNH:17
FNDA:3,(anonymous_0)
FNDA:7,saveMedicationDraft
FNDA:2,saveAppointmentDraft
FNDA:3,(anonymous_3)
FNDA:3,(anonymous_4)
FNDA:16,(anonymous_5)
FNDA:16,(anonymous_6)
FNDA:3,(anonymous_7)
FNDA:6,(anonymous_8)
FNDA:3,(anonymous_9)
FNDA:3,(anonymous_10)
FNDA:7,(anonymous_11)
FNDA:2,(anonymous_12)
FNDA:2,(anonymous_13)
FNDA:1,(anonymous_14)
FNDA:0,(anonymous_15)
FNDA:1,(anonymous_16)
FNDA:0,(anonymous_17)
FNDA:1,(anonymous_18)
DA:30,3
DA:59,3
DA:60,3
DA:62,3
DA:64,7
DA:65,7
DA:69,2
DA:70,2
DA:73,3
DA:79,3
DA:80,3
DA:83,16
DA:84,16
DA:85,16
DA:86,3
DA:91,6
DA:92,6
DA:93,5
DA:97,3
DA:98,2
DA:99,2
DA:109,2
DA:113,3
DA:114,2
DA:115,2
DA:116,2
DA:120,7
DA:121,7
DA:122,7
DA:123,7
DA:127,2
DA:131,2
DA:132,2
DA:133,1
DA:138,0
DA:139,0
DA:140,0
DA:144,1
DA:145,1
DA:146,1
DA:156,1
DA:160,0
DA:161,0
DA:162,0
DA:163,0
DA:167,1
DA:168,1
DA:169,1
DA:170,1
LF:49
LH:42
BRDA:84,0,0,11
BRDA:84,0,1,5
BRDA:92,1,0,1
BRDA:92,1,1,5
BRDA:92,2,0,6
BRDA:92,2,1,5
BRDA:97,3,0,1
BRDA:97,3,1,2
BRDA:98,4,0,1
BRDA:98,4,1,1
BRDA:106,5,0,2
BRDA:106,5,1,2
BRDA:113,6,0,1
BRDA:113,6,1,2
BRDA:120,7,0,2
BRDA:120,7,1,5
BRDA:131,8,0,1
BRDA:131,8,1,1
BRDA:139,9,0,0
BRDA:139,9,1,0
BRDA:139,10,0,0
BRDA:139,10,1,0
BRDA:144,11,0,0
BRDA:144,11,1,1
BRDA:145,12,0,1
BRDA:145,12,1,0
BRDA:153,13,0,1
BRDA:153,13,1,0
BRDA:160,14,0,0
BRDA:160,14,1,0
BRDA:167,15,0,1
BRDA:167,15,1,0
BRF:32
BRH:22
end_of_record
TN:
SF:src\state\hydrate.ts
FN:30,hydrateStores
FN:33,(anonymous_1)
FN:48,(anonymous_2)
FNF:3
FNH:2
FNDA:3,hydrateStores
FNDA:2,(anonymous_1)
FNDA:0,(anonymous_2)
DA:32,3
DA:33,2
DA:41,3
DA:44,3
DA:45,3
DA:47,3
DA:48,0
DA:50,3
DA:51,3
DA:52,3
DA:55,3
DA:56,3
DA:57,3
DA:58,3
DA:59,3
DA:61,3
LF:16
LH:15
BRDA:45,0,0,1
BRDA:45,0,1,2
BRDA:47,1,0,1
BRDA:47,1,1,2
BRDA:51,2,0,3
BRDA:51,2,1,0
BRDA:51,3,0,3
BRDA:51,3,1,1
BRF:8
BRH:7
end_of_record
TN:
SF:src\state\notificationSettingsStore.ts
FN:19,(anonymous_0)
FN:22,(anonymous_1)
FN:23,(anonymous_2)
FN:27,(anonymous_3)
FN:33,persist
FNF:5
FNH:5
FNDA:3,(anonymous_0)
FNDA:3,(anonymous_1)
FNDA:2,(anonymous_2)
FNDA:2,(anonymous_3)
FNDA:4,persist
DA:19,3
DA:22,3
DA:24,2
DA:25,2
DA:28,2
DA:29,2
DA:34,4
LF:7
LH:7
BRF:0
BRH:0
end_of_record
TN:
SF:src\state\selectors.ts
FN:28,usePatient
FN:29,(anonymous_1)
FN:32,useCaregiver
FN:33,(anonymous_3)
FN:36,useActiveMedications
FN:37,(anonymous_5)
FN:41,useMedicationById
FN:42,(anonymous_7)
FN:42,(anonymous_8)
FN:45,useAppointmentById
FN:46,(anonymous_10)
FN:46,(anonymous_11)
FN:52,getTodayDoseEvents
FN:53,(anonymous_13)
FN:55,(anonymous_14)
FN:56,(anonymous_15)
FN:59,useTodayDoseEvents
FN:60,(anonymous_17)
FN:61,(anonymous_18)
FN:71,getNextActionDose
FN:76,(anonymous_20)
FN:80,useNextActionDose
FN:82,(anonymous_22)
FN:87,getLaterTodayDoses
FN:90,(anonymous_24)
FN:94,useLaterTodayDoses
FN:101,getOverdueDoses
FN:102,(anonymous_27)
FN:105,useOverdueDoses
FN:107,(anonymous_29)
FN:116,getMedicationTodayDose
FN:121,(anonymous_31)
FN:131,(anonymous_32)
FN:132,(anonymous_33)
FN:136,useMedicationTodayDose
FN:138,(anonymous_35)
FN:145,getUpcomingAppointments
FN:148,(anonymous_37)
FN:149,(anonymous_38)
FN:152,useUpcomingAppointments
FN:153,(anonymous_40)
FN:154,(anonymous_41)
FN:168,activityFilterMatches
FN:186,getActivityTimeline
FN:188,(anonymous_44)
FN:189,(anonymous_45)
FN:202,(anonymous_46)
FN:205,useActivityTimeline
FN:206,(anonymous_48)
FNF:49
FNH:45
FNDA:21,usePatient
FNDA:66,(anonymous_1)
FNDA:37,useCaregiver
FNDA:117,(anonymous_3)
FNDA:7,useActiveMedications
FNDA:21,(anonymous_5)
FNDA:32,useMedicationById
FNDA:99,(anonymous_7)
FNDA:330,(anonymous_8)
FNDA:0,useAppointmentById
FNDA:0,(anonymous_10)
FNDA:0,(anonymous_11)
FNDA:68,getTodayDoseEvents
FNDA:271,(anonymous_13)
FNDA:679,(anonymous_14)
FNDA:270,(anonymous_15)
FNDA:61,useTodayDoseEvents
FNDA:191,(anonymous_17)
FNDA:183,(anonymous_18)
FNDA:21,getNextActionDose
FNDA:3,(anonymous_20)
FNDA:17,useNextActionDose
FNDA:51,(anonymous_22)
FNDA:8,getLaterTodayDoses
FNDA:30,(anonymous_24)
FNDA:6,useLaterTodayDoses
FNDA:6,getOverdueDoses
FNDA:30,(anonymous_27)
FNDA:5,useOverdueDoses
FNDA:15,(anonymous_29)
FNDA:29,getMedicationTodayDose
FNDA:145,(anonymous_31)
FNDA:7,(anonymous_32)
FNDA:0,(anonymous_33)
FNDA:24,useMedicationTodayDose
FNDA:72,(anonymous_35)
FNDA:8,getUpcomingAppointments
FNDA:21,(anonymous_37)
FNDA:14,(anonymous_38)
FNDA:7,useUpcomingAppointments
FNDA:21,(anonymous_40)
FNDA:21,(anonymous_41)
FNDA:55,activityFilterMatches
FNDA:8,getActivityTimeline
FNDA:49,(anonymous_44)
FNDA:57,(anonymous_45)
FNDA:7,(anonymous_46)
FNDA:6,useActivityTimeline
FNDA:18,(anonymous_48)
DA:29,66
DA:33,117
DA:37,21
DA:38,7
DA:42,330
DA:46,0
DA:53,271
DA:54,68
DA:55,679
DA:56,270
DA:60,191
DA:61,183
DA:62,61
DA:72,21
DA:73,21
DA:74,35
DA:76,5
DA:77,5
DA:81,17
DA:82,51
DA:83,17
DA:88,8
DA:89,6
DA:90,30
DA:95,6
DA:96,6
DA:97,6
DA:102,30
DA:106,5
DA:107,15
DA:108,5
DA:121,145
DA:122,29
DA:124,28
DA:125,34
DA:127,20
DA:128,26
DA:130,7
DA:131,7
DA:132,0
DA:133,7
DA:137,24
DA:138,72
DA:139,24
DA:146,8
DA:147,8
DA:148,21
DA:149,14
DA:153,21
DA:154,21
DA:155,7
DA:162,12
DA:169,55
DA:171,30
DA:173,9
DA:175,16
DA:187,8
DA:188,49
DA:189,57
DA:191,8
DA:192,8
DA:193,37
DA:194,37
DA:195,37
DA:196,37
DA:197,23
DA:199,14
DA:202,8
DA:206,18
DA:207,6
LF:70
LH:68
BRDA:55,0,0,679
BRDA:55,0,1,676
BRDA:74,1,0,16
BRDA:74,1,1,19
BRDA:77,2,0,4
BRDA:77,2,1,1
BRDA:88,3,0,2
BRDA:88,3,1,6
BRDA:90,4,0,30
BRDA:90,4,1,17
BRDA:90,4,2,11
BRDA:122,5,0,1
BRDA:122,5,1,28
BRDA:125,6,0,8
BRDA:125,6,1,26
BRDA:128,7,0,13
BRDA:128,7,1,13
BRDA:133,8,0,0
BRDA:133,8,1,7
BRDA:169,9,0,30
BRDA:169,9,1,9
BRDA:169,9,2,16
BRDA:196,10,0,23
BRDA:196,10,1,14
BRF:24
BRH:23
end_of_record
TN:
SF:src\state\sessionStore.ts
FN:25,(anonymous_0)
FN:28,(anonymous_1)
FN:29,(anonymous_2)
FN:40,(anonymous_3)
FN:50,useCurrentRole
FN:51,(anonymous_5)
FNF:6
FNH:6
FNDA:18,(anonymous_0)
FNDA:3,(anonymous_1)
FNDA:6,(anonymous_2)
FNDA:2,(anonymous_3)
FNDA:63,useCurrentRole
FNDA:193,(anonymous_5)
DA:25,18
DA:28,3
DA:30,6
DA:31,6
DA:37,6
DA:38,6
DA:41,2
DA:42,2
DA:51,193
LF:9
LH:9
BRDA:35,0,0,2
BRDA:35,0,1,4
BRDA:35,1,0,6
BRDA:35,1,1,2
BRDA:51,2,0,193
BRDA:51,2,1,139
BRF:6
BRH:6
end_of_record
TN:
SF:src\state\settingsStore.ts
FN:20,(anonymous_0)
FN:23,(anonymous_1)
FN:24,(anonymous_2)
FN:28,(anonymous_3)
FN:32,(anonymous_4)
FN:38,persist
FNF:6
FNH:6
FNDA:18,(anonymous_0)
FNDA:3,(anonymous_1)
FNDA:2,(anonymous_2)
FNDA:4,(anonymous_3)
FNDA:2,(anonymous_4)
FNDA:8,persist
DA:20,18
DA:23,3
DA:25,2
DA:26,2
DA:29,4
DA:30,4
DA:33,2
DA:34,2
DA:39,8
LF:9
LH:9
BRF:0
BRH:0
end_of_record
