SF:lib/app.dart
DA:18,1
DA:20,9
DA:22,18
DA:23,18
DA:25,9
DA:28,9
DA:32,9
DA:38,18
LF:8
LH:8
end_of_record
SF:lib/core/utils/clock.dart
DA:12,2
DA:14,1
DA:15,1
DA:20,13
DA:23,4
DA:29,8
DA:33,12
DA:34,12
DA:39,39
LF:9
LH:9
end_of_record
SF:lib/data/local_store.dart
DA:10,43
DA:11,1
DA:31,14
DA:35,14
DA:36,28
DA:37,13
DA:39,13
DA:40,13
DA:41,1
DA:47,14
DA:48,42
DA:50,24
DA:52,3
DA:55,42
DA:56,56
LF:15
LH:15
end_of_record
SF:lib/models/session.dart
DA:11,11
DA:12,45
DA:18,13
DA:25,22
DA:26,22
DA:27,22
DA:28,22
DA:29,11
DA:37,24
DA:38,24
DA:39,24
DA:40,24
DA:41,12
DA:44,6
DA:46,4
DA:47,12
DA:48,9
DA:49,9
DA:50,9
DA:52,1
DA:53,5
LF:21
LH:21
end_of_record
SF:lib/models/user_role.dart
DA:10,5
DA:11,5
DA:12,4
DA:16,11
DA:17,11
DA:18,10
DA:22,11
DA:23,11
DA:24,7
DA:27,11
DA:28,11
DA:29,33
DA:30,1
LF:13
LH:13
end_of_record
SF:lib/router/app_router.dart
DA:25,27
DA:28,27
DA:33,8
DA:56,9
DA:61,9
DA:62,2
DA:64,18
DA:67,36
DA:68,9
DA:69,26
DA:70,18
DA:72,9
DA:73,9
DA:74,18
DA:76,18
DA:77,18
DA:78,18
DA:80,9
DA:81,9
DA:82,9
DA:84,4
DA:85,4
DA:89,9
DA:90,8
DA:91,8
DA:92,9
DA:93,9
DA:94,9
DA:95,9
DA:97,4
DA:98,4
DA:102,9
DA:103,9
DA:104,9
DA:106,4
DA:107,4
DA:108,9
DA:109,9
DA:111,8
DA:114,4
DA:115,8
DA:123,9
DA:124,9
DA:125,9
DA:127,3
DA:128,3
DA:132,9
DA:133,9
DA:134,9
DA:136,3
DA:137,3
DA:138,9
DA:139,9
DA:141,6
DA:147,9
DA:149,4
DA:155,9
DA:157,4
DA:171,9
DA:172,5
DA:173,5
DA:174,9
DA:175,9
DA:176,9
DA:177,9
DA:179,8
DA:187,9
DA:188,9
DA:189,9
DA:191,3
DA:192,3
DA:193,9
DA:194,9
DA:196,2
DA:199,1
DA:200,2
DA:208,9
DA:209,9
DA:210,9
DA:212,6
DA:220,9
DA:221,9
DA:222,9
DA:224,3
DA:225,3
DA:226,9
DA:227,9
DA:229,4
DA:235,9
DA:237,4
DA:251,9
DA:253,9
DA:254,3
DA:255,3
DA:257,9
DA:259,9
DA:260,4
DA:263,6
DA:266,9
DA:268,9
DA:269,1
DA:270,1
DA:272,9
DA:274,9
DA:275,6
DA:278,9
DA:283,18
LF:107
LH:107
end_of_record
SF:lib/state/clock_provider.dart
DA:9,39
DA:17,12
DA:19,72
DA:20,36
DA:22,12
DA:23,50
DA:25,2
DA:29,12
DA:30,4
DA:31,0
DA:34,12
DA:38,2
DA:39,8
DA:40,2
DA:42,10
DA:47,36
LF:16
LH:15
end_of_record
SF:lib/models/notification_settings.dart
DA:24,2
DA:25,2
DA:26,6
DA:27,1
DA:35,4
DA:40,2
DA:41,2
DA:42,2
DA:43,4
DA:56,3
DA:60,3
DA:61,2
DA:62,2
DA:66,6
DA:67,3
DA:68,6
DA:71,3
DA:73,3
DA:74,9
DA:75,9
DA:77,1
DA:78,3
LF:22
LH:22
end_of_record
SF:lib/state/notification_settings_provider.dart
DA:7,4
DA:9,4
DA:10,8
DA:11,4
DA:14,1
DA:17,2
DA:18,6
DA:20,2
DA:21,6
DA:23,2
DA:24,2
DA:25,2
DA:26,4
DA:27,4
DA:31,8
DA:32,4
LF:16
LH:16
end_of_record
SF:lib/state/session_provider.dart
DA:14,12
DA:16,48
DA:17,10
DA:20,2
DA:25,2
DA:28,6
DA:29,6
DA:31,2
DA:32,2
DA:33,4
DA:34,4
DA:37,2
DA:38,2
DA:39,8
DA:43,36
DA:49,30
DA:50,40
LF:17
LH:17
end_of_record
SF:lib/state/settings_provider.dart
DA:9,4
DA:15,4
DA:16,2
DA:17,8
DA:18,1
DA:20,2
DA:21,2
DA:34,2
DA:39,2
DA:40,2
DA:41,2
DA:42,2
DA:46,4
DA:47,4
DA:48,2
DA:49,2
DA:52,5
DA:54,5
DA:55,15
DA:56,15
DA:57,15
DA:59,1
DA:60,4
DA:64,12
DA:66,48
DA:67,2
DA:70,2
DA:71,6
DA:73,2
DA:74,6
DA:76,2
DA:77,6
DA:79,2
DA:80,2
DA:81,2
DA:82,4
DA:83,4
DA:87,36
DA:91,30
DA:92,60
LF:40
LH:40
end_of_record
SF:lib/core/theme/app_theme.dart
DA:17,10
DA:21,10
DA:23,10
DA:24,6
DA:25,10
DA:28,10
DA:38,10
DA:40,10
DA:42,10
DA:43,10
DA:44,10
DA:45,10
DA:46,10
DA:47,10
DA:48,10
DA:51,30
DA:55,20
DA:57,10
DA:61,10
DA:63,10
DA:67,20
DA:68,10
DA:69,10
DA:74,20
DA:77,10
DA:78,10
DA:81,10
DA:82,10
DA:83,20
DA:86,10
DA:88,10
DA:94,10
DA:95,10
DA:97,10
DA:98,10
DA:99,10
DA:100,10
DA:101,10
DA:103,20
DA:104,10
DA:105,0
DA:107,10
DA:108,10
DA:110,0
DA:117,10
DA:119,10
DA:126,10
DA:127,10
DA:128,10
DA:130,10
DA:131,10
DA:132,10
DA:133,14
DA:135,7
DA:139,10
DA:141,10
DA:148,10
DA:149,10
DA:150,10
DA:152,10
DA:153,10
DA:154,9
DA:155,9
DA:159,10
DA:160,10
DA:164,10
DA:166,10
DA:171,20
DA:173,30
DA:174,10
DA:175,10
DA:178,10
DA:179,10
DA:180,20
DA:182,10
DA:183,10
DA:184,20
DA:186,10
DA:187,10
DA:190,10
DA:191,10
DA:192,20
DA:194,10
DA:195,10
DA:196,20
DA:199,10
DA:200,10
DA:201,10
DA:211,10
DA:212,27
DA:214,9
DA:216,9
DA:219,10
DA:220,18
DA:221,9
DA:223,9
DA:227,10
DA:229,20
DA:235,10
DA:236,10
DA:237,6
DA:239,3
DA:241,10
DA:242,3
DA:243,6
DA:246,10
DA:247,10
DA:248,10
DA:249,10
DA:250,10
DA:251,10
DA:254,10
DA:255,10
DA:259,20
DA:260,10
DA:261,5
DA:262,10
DA:264,10
DA:265,5
DA:266,5
DA:268,30
DA:271,10
DA:273,10
DA:275,10
DA:277,10
DA:278,10
DA:280,20
DA:281,10
LF:128
LH:126
end_of_record
SF:lib/core/widgets/role_themed.dart
DA:12,9
DA:16,9
DA:18,18
DA:19,18
DA:20,9
DA:21,9
DA:22,9
LF:7
LH:7
end_of_record
SF:lib/core/theme/app_colors.dart
DA:79,7
DA:141,1
DA:157,1
DA:158,0
DA:159,1
DA:160,1
DA:161,1
DA:162,1
DA:163,1
DA:164,1
DA:165,1
DA:166,1
DA:167,1
DA:168,1
DA:169,1
DA:170,1
DA:174,5
DA:176,5
DA:177,5
DA:178,15
DA:179,15
DA:180,15
DA:181,15
DA:182,15
DA:183,15
DA:184,15
DA:185,15
DA:186,15
DA:187,15
DA:188,15
DA:189,5
DA:190,5
DA:191,5
DA:194,5
DA:195,5
DA:196,5
DA:205,10
DA:206,20
LF:38
LH:37
end_of_record
SF:lib/core/theme/app_typography.dart
DA:36,10
DA:37,10
DA:38,10
DA:44,10
DA:50,10
DA:56,10
DA:63,10
DA:69,10
DA:75,10
DA:81,10
DA:87,10
DA:93,10
DA:99,10
LF:13
LH:13
end_of_record
SF:lib/core/utils/date_formatting.dart
DA:11,27
DA:12,42
DA:13,12
DA:16,9
DA:17,18
DA:20,42
DA:23,7
DA:24,21
DA:27,4
DA:28,12
DA:31,13
DA:32,13
DA:33,26
DA:34,2
DA:36,26
DA:37,26
DA:38,52
DA:39,2
DA:41,13
DA:45,2
DA:46,6
DA:47,6
DA:48,2
DA:52,6
DA:53,6
DA:54,24
DA:58,12
DA:59,72
DA:62,15
DA:63,60
DA:65,12
DA:66,102
DA:71,9
DA:75,18
DA:76,9
DA:79,9
DA:80,9
DA:81,9
DA:83,6
DA:84,3
DA:85,6
DA:87,2
DA:88,2
DA:96,9
DA:97,9
DA:98,9
DA:99,16
DA:101,9
DA:102,16
DA:104,18
DA:108,5
DA:109,5
DA:110,5
DA:111,4
DA:113,5
DA:114,6
DA:116,10
LF:57
LH:57
end_of_record
SF:lib/core/utils/ids.dart
DA:6,9
DA:11,9
DA:12,18
DA:13,45
LF:4
LH:4
end_of_record
SF:lib/core/widgets/alert_card.dart
DA:11,5
DA:19,5
DA:21,5
DA:22,5
DA:23,5
DA:24,5
DA:25,5
DA:26,10
DA:27,5
DA:28,5
DA:29,10
DA:30,5
DA:31,5
DA:32,5
DA:33,5
DA:34,5
DA:35,5
DA:37,5
DA:38,5
DA:39,10
DA:46,5
DA:47,5
DA:48,10
DA:50,5
DA:51,5
DA:52,5
DA:53,5
DA:54,5
DA:58,5
DA:59,10
LF:30
LH:30
end_of_record
SF:lib/core/widgets/autosave_indicator.dart
DA:10,5
DA:14,6
DA:16,6
DA:17,12
DA:21,10
DA:22,9
DA:23,5
DA:27,5
DA:29,5
DA:30,5
DA:31,5
DA:37,5
DA:38,10
DA:39,5
LF:14
LH:14
end_of_record
SF:lib/state/draft_providers.dart
DA:18,6
DA:19,6
DA:20,6
DA:21,6
DA:26,6
DA:29,12
DA:32,10
DA:33,5
DA:35,8
DA:36,4
DA:45,5
DA:47,23
DA:48,5
DA:49,10
DA:50,5
DA:53,1
DA:57,3
DA:58,9
DA:59,3
DA:64,4
DA:65,16
DA:66,4
DA:70,3
DA:71,12
DA:72,4
DA:73,6
DA:74,3
DA:75,3
DA:76,3
DA:77,3
DA:78,3
DA:80,3
DA:84,1
DA:85,2
DA:86,2
DA:87,1
DA:91,4
DA:92,6
DA:93,4
DA:94,16
DA:95,20
DA:98,3
DA:99,15
DA:100,6
DA:101,15
DA:104,3
DA:105,3
DA:106,6
DA:107,9
DA:108,6
DA:109,15
DA:114,10
DA:115,5
DA:123,4
DA:125,19
DA:126,4
DA:127,8
DA:128,4
DA:131,1
DA:134,3
DA:135,9
DA:136,3
DA:139,2
DA:140,8
DA:141,2
DA:144,4
DA:145,16
DA:146,6
DA:147,8
DA:148,4
DA:149,4
DA:150,4
DA:151,4
DA:152,4
DA:154,4
DA:157,1
DA:158,2
DA:159,2
DA:160,1
DA:164,2
DA:165,4
DA:166,2
DA:167,8
DA:168,10
DA:171,3
DA:172,15
DA:173,5
DA:174,15
DA:177,4
DA:178,4
DA:179,8
DA:180,12
DA:181,8
DA:182,20
DA:187,8
DA:188,4
LF:96
LH:96
end_of_record
SF:lib/core/widgets/call_contact_button.dart
DA:10,9
DA:23,9
DA:25,27
DA:26,9
DA:34,2
DA:38,1
DA:39,1
DA:40,1
DA:43,2
DA:44,1
DA:46,1
DA:49,1
DA:50,1
DA:52,1
DA:53,2
DA:54,2
DA:58,1
DA:59,4
DA:60,2
DA:63,1
DA:65,3
DA:66,1
DA:67,2
DA:68,1
DA:69,1
DA:71,2
DA:76,1
DA:77,3
LF:28
LH:28
end_of_record
SF:lib/core/widgets/undo_snackbar.dart
DA:11,4
DA:16,4
DA:17,4
DA:18,4
DA:19,4
DA:20,4
DA:22,4
DA:28,5
DA:29,5
DA:30,5
DA:31,15
LF:11
LH:11
end_of_record
SF:lib/core/widgets/cc_app_bar.dart
DA:10,11
DA:25,10
DA:26,20
DA:28,10
DA:30,10
DA:31,20
DA:33,10
DA:35,20
DA:36,18
DA:37,10
DA:38,8
DA:40,8
DA:43,20
DA:51,10
DA:52,10
DA:55,10
DA:56,10
DA:58,10
DA:59,10
DA:60,30
DA:64,10
DA:65,5
DA:66,5
DA:67,15
DA:72,10
DA:73,10
DA:74,9
LF:27
LH:27
end_of_record
SF:lib/core/widgets/cc_list_item.dart
DA:12,8
DA:33,8
DA:35,8
DA:36,8
DA:37,22
DA:39,8
DA:40,8
DA:41,8
DA:42,8
DA:43,8
DA:44,8
DA:45,8
DA:46,8
DA:48,8
DA:53,8
DA:55,8
DA:56,8
DA:58,8
DA:59,8
DA:62,8
DA:70,8
DA:71,8
DA:73,8
DA:74,8
DA:75,8
DA:76,8
DA:77,8
DA:80,24
DA:81,8
DA:82,8
DA:83,24
DA:84,8
DA:90,9
DA:92,1
DA:93,8
DA:94,16
LF:36
LH:36
end_of_record
SF:lib/core/widgets/dose_status.dart
DA:22,10
DA:23,18
DA:24,12
DA:25,11
DA:26,18
DA:27,11
DA:28,16
DA:29,16
DA:36,8
DA:44,8
DA:45,8
DA:46,8
DA:47,8
DA:48,7
DA:49,14
DA:51,7
DA:54,14
DA:55,7
DA:58,16
DA:59,8
DA:60,21
DA:61,16
DA:62,8
DA:65,16
DA:68,6
DA:69,2
DA:70,3
DA:72,2
DA:75,2
DA:76,2
DA:78,6
DA:79,6
DA:80,6
DA:82,6
DA:85,6
DA:86,6
DA:88,1
DA:89,2
DA:90,1
DA:93,1
DA:94,1
DA:111,32
LF:42
LH:42
end_of_record
SF:lib/core/widgets/cc_text_field.dart
DA:13,7
DA:42,7
DA:44,7
DA:45,7
DA:46,7
DA:48,7
DA:49,7
DA:50,7
DA:51,7
DA:52,7
DA:56,7
DA:57,7
DA:58,7
DA:59,7
DA:60,7
DA:61,7
DA:62,7
DA:63,7
DA:64,7
DA:65,7
DA:66,21
DA:67,7
DA:68,7
DA:69,7
DA:71,9
DA:72,4
LF:26
LH:26
end_of_record
SF:lib/core/widgets/choice_group.dart
DA:13,4
DA:21,4
DA:40,4
DA:42,4
DA:44,4
DA:45,4
DA:46,4
DA:47,20
DA:48,8
DA:49,4
DA:50,4
DA:51,8
DA:52,20
DA:53,4
DA:54,12
DA:65,4
DA:77,4
DA:79,4
DA:80,4
DA:81,8
DA:82,4
DA:84,4
DA:85,4
DA:88,4
DA:89,4
DA:91,4
DA:93,16
DA:94,4
DA:95,12
DA:96,4
DA:97,4
DA:98,8
DA:99,4
DA:102,4
DA:103,4
DA:105,4
DA:106,4
DA:107,4
DA:108,4
DA:111,4
DA:112,4
DA:117,4
DA:118,8
DA:120,4
DA:121,12
LF:45
LH:45
end_of_record
SF:lib/core/widgets/dose_card.dart
DA:12,5
DA:32,5
DA:34,5
DA:35,5
DA:36,5
DA:37,10
DA:38,5
DA:40,5
DA:42,5
DA:43,5
DA:45,20
DA:48,5
DA:49,17
DA:51,16
DA:53,5
DA:54,5
DA:55,5
DA:56,5
DA:57,5
DA:58,5
DA:59,10
DA:64,0
DA:67,10
LF:23
LH:22
end_of_record
SF:lib/core/widgets/status_chip.dart
DA:11,9
DA:19,7
DA:20,7
DA:21,7
DA:23,7
DA:24,7
DA:25,14
DA:35,8
DA:37,24
DA:38,8
DA:39,9
DA:41,8
DA:43,8
DA:44,24
DA:46,8
DA:47,8
DA:48,8
DA:49,8
LF:18
LH:18
end_of_record
SF:lib/models/dose_event.dart
DA:15,1
DA:16,1
DA:17,1
DA:18,1
DA:19,1
DA:22,6
DA:23,9
DA:24,1
DA:31,15
DA:40,6
DA:41,3
DA:42,3
DA:43,6
DA:44,6
DA:45,3
DA:47,6
DA:48,3
DA:50,4
DA:68,36
DA:71,44
DA:74,4
DA:75,12
DA:77,7
DA:87,7
DA:88,7
DA:89,7
DA:90,7
DA:91,4
DA:92,4
DA:95,1
DA:99,24
DA:100,12
DA:101,12
DA:102,24
DA:103,24
DA:104,24
DA:105,19
DA:108,10
DA:110,10
DA:111,30
DA:112,27
DA:113,27
DA:114,27
DA:115,24
DA:116,24
DA:118,1
DA:119,1
DA:120,1
DA:121,1
DA:122,1
DA:123,1
DA:124,1
DA:125,1
DA:128,1
DA:130,5
LF:55
LH:55
end_of_record
SF:lib/core/widgets/empty_state.dart
DA:9,2
DA:20,4
DA:22,4
DA:23,4
DA:24,4
DA:25,4
DA:27,4
DA:28,4
DA:29,12
DA:31,4
DA:32,4
DA:34,8
DA:36,8
DA:38,4
DA:39,4
DA:41,12
DA:42,4
LF:17
LH:17
end_of_record
SF:lib/core/widgets/orientation_bar.dart
DA:14,4
DA:21,4
DA:23,4
DA:24,4
DA:25,4
DA:26,8
DA:27,8
DA:29,4
DA:32,4
DA:33,8
DA:34,12
DA:36,4
DA:37,4
DA:42,4
DA:44,4
DA:45,4
DA:47,4
DA:48,4
DA:51,4
DA:52,4
DA:53,12
DA:54,4
LF:22
LH:22
end_of_record
SF:lib/core/widgets/responsive.dart
DA:7,10
DA:8,30
DA:17,9
DA:30,10
DA:32,10
DA:33,10
DA:36,4
DA:37,3
DA:39,3
DA:40,3
DA:42,3
DA:44,3
DA:48,3
DA:50,3
DA:58,10
DA:60,30
DA:64,10
DA:65,10
DA:66,10
DA:67,10
DA:68,10
DA:69,20
DA:80,4
DA:84,5
DA:86,5
DA:87,5
DA:89,5
DA:90,25
DA:91,10
DA:92,10
DA:97,2
DA:98,2
DA:99,6
DA:100,2
DA:103,2
DA:104,2
DA:105,2
LF:37
LH:37
end_of_record
SF:lib/core/widgets/section_heading.dart
DA:10,4
DA:23,9
DA:25,18
DA:26,9
DA:27,10
DA:28,10
DA:29,15
DA:30,18
DA:32,9
DA:33,9
DA:34,9
DA:36,36
LF:12
LH:12
end_of_record
SF:lib/core/widgets/step_indicator.dart
DA:13,6
DA:19,18
DA:26,24
DA:28,6
DA:30,6
DA:31,6
DA:32,24
DA:34,6
DA:36,24
DA:38,6
DA:40,6
DA:41,6
DA:43,6
DA:44,6
DA:47,6
DA:48,6
DA:49,6
DA:50,18
DA:51,6
DA:54,6
DA:55,6
DA:56,6
DA:57,12
LF:23
LH:23
end_of_record
SF:lib/data/mock_data.dart
DA:75,14
DA:76,14
DA:77,14
DA:79,14
DA:80,56
DA:82,14
DA:84,14
DA:87,14
DA:89,14
DA:91,14
DA:94,14
DA:96,14
DA:98,14
DA:101,14
DA:103,14
DA:105,14
DA:108,14
DA:110,14
DA:112,14
DA:115,14
DA:117,14
DA:120,14
DA:123,14
DA:125,14
DA:127,14
DA:130,14
DA:132,14
DA:134,14
DA:137,14
DA:139,14
DA:142,14
DA:144,14
DA:147,14
DA:151,14
DA:152,14
DA:156,14
DA:161,14
DA:165,28
DA:169,14
DA:173,28
DA:178,14
DA:179,14
DA:181,14
DA:185,14
DA:187,14
DA:191,14
DA:193,14
DA:197,14
DA:199,14
DA:203,14
DA:205,14
DA:209,14
DA:211,14
DA:215,14
DA:217,14
DA:223,14
LF:56
LH:56
end_of_record
SF:lib/models/activity_entry.dart
DA:12,3
DA:13,3
DA:14,9
DA:15,1
DA:25,14
DA:32,6
DA:33,3
DA:34,6
DA:35,3
DA:36,6
DA:44,24
DA:45,12
DA:46,24
DA:47,12
DA:48,24
DA:51,2
DA:53,2
DA:54,6
DA:55,6
DA:56,6
DA:57,6
DA:59,1
DA:60,5
LF:23
LH:23
end_of_record
SF:lib/models/appointment.dart
DA:9,14
DA:19,6
DA:20,3
DA:21,3
DA:22,3
DA:23,6
DA:24,3
DA:25,3
DA:26,3
DA:42,5
DA:43,10
DA:44,5
DA:46,5
DA:50,5
DA:51,25
DA:53,3
DA:64,3
DA:65,3
DA:66,3
DA:67,2
DA:68,2
DA:69,2
DA:72,2
DA:73,3
DA:77,24
DA:78,12
DA:79,12
DA:80,12
DA:81,24
DA:82,12
DA:83,12
DA:84,12
DA:87,2
DA:89,2
DA:90,6
DA:91,6
DA:92,6
DA:93,3
DA:94,3
DA:95,3
DA:96,3
DA:98,1
DA:99,1
DA:100,1
DA:101,1
DA:102,1
DA:103,1
DA:104,1
DA:105,1
DA:106,1
DA:109,1
DA:110,3
LF:52
LH:52
end_of_record
SF:lib/models/care_data.dart
DA:14,14
DA:24,6
DA:25,6
DA:26,6
DA:27,3
DA:28,9
DA:29,3
DA:30,3
DA:31,9
DA:32,3
DA:33,3
DA:34,9
DA:35,3
DA:36,3
DA:37,9
DA:38,3
DA:39,6
DA:52,12
DA:53,58
DA:55,10
DA:56,20
DA:57,20
DA:62,8
DA:63,16
DA:64,16
DA:69,6
DA:70,12
DA:71,12
DA:76,10
DA:85,10
DA:86,10
DA:87,10
DA:88,9
DA:89,4
DA:90,9
DA:91,5
DA:92,10
DA:96,24
DA:97,24
DA:98,24
DA:99,60
DA:100,60
DA:101,60
DA:102,60
DA:103,24
LF:45
LH:45
end_of_record
SF:lib/models/medication.dart
DA:10,7
DA:20,6
DA:21,3
DA:22,3
DA:23,3
DA:24,3
DA:25,6
DA:26,3
DA:27,3
DA:41,61
DA:43,5
DA:53,5
DA:54,5
DA:55,5
DA:56,4
DA:57,4
DA:58,4
DA:61,4
DA:62,3
DA:66,24
DA:67,12
DA:68,12
DA:69,12
DA:70,12
DA:71,12
DA:72,12
DA:73,12
DA:76,3
DA:78,3
DA:79,9
DA:80,9
DA:81,9
DA:82,6
DA:83,6
DA:84,6
DA:85,6
DA:87,1
DA:88,1
DA:89,1
DA:90,1
DA:91,1
DA:92,1
DA:93,2
DA:94,1
DA:95,1
DA:98,1
DA:99,3
LF:47
LH:47
end_of_record
SF:lib/models/person.dart
DA:6,5
DA:14,6
DA:15,3
DA:16,3
DA:17,3
DA:18,3
DA:19,3
DA:36,24
DA:37,12
DA:38,12
DA:39,12
DA:40,12
DA:41,12
DA:44,5
DA:46,5
DA:47,15
DA:48,15
DA:49,15
DA:50,15
DA:51,15
DA:53,1
DA:55,6
DA:62,5
DA:71,6
DA:72,3
DA:73,3
DA:74,3
DA:75,3
DA:76,3
DA:77,6
DA:89,24
DA:90,12
DA:91,12
DA:92,12
DA:93,12
DA:94,12
DA:95,12
DA:98,8
DA:100,8
DA:101,24
DA:102,24
DA:103,24
DA:104,24
DA:105,24
DA:106,24
DA:108,1
DA:109,1
DA:110,1
DA:111,1
DA:112,1
DA:113,1
DA:114,1
DA:115,2
LF:53
LH:53
end_of_record
SF:lib/features/appointments/appointment_form_screen.dart
DA:24,5
DA:28,3
DA:30,3
DA:48,3
DA:49,12
DA:51,3
DA:53,3
DA:54,9
DA:55,9
DA:56,9
DA:57,9
DA:58,9
DA:59,6
DA:62,3
DA:63,6
DA:65,2
DA:67,12
DA:68,6
DA:72,3
DA:74,6
DA:75,6
DA:76,6
DA:77,6
DA:78,3
DA:81,3
DA:82,9
DA:84,3
DA:85,12
DA:86,9
DA:88,12
DA:89,9
DA:91,12
DA:92,9
DA:94,3
DA:95,9
DA:96,6
DA:100,2
DA:101,4
DA:102,6
DA:103,4
DA:104,6
DA:105,1
DA:108,6
DA:109,1
DA:111,1
DA:112,1
DA:115,6
DA:118,2
DA:119,6
DA:120,2
DA:121,4
DA:122,12
DA:125,1
DA:128,2
DA:129,6
DA:130,4
DA:131,0
DA:133,4
DA:137,1
DA:138,4
DA:139,1
DA:142,4
DA:143,2
DA:145,1
DA:146,1
DA:147,2
DA:148,2
DA:149,1
DA:150,1
DA:151,1
DA:155,1
DA:156,1
DA:157,1
DA:158,1
DA:162,2
DA:163,1
DA:164,1
DA:165,1
DA:168,2
DA:171,1
DA:172,3
DA:173,4
DA:174,1
DA:175,1
DA:177,3
DA:178,3
DA:181,1
DA:182,1
DA:183,1
DA:184,1
DA:188,2
DA:189,3
DA:191,3
DA:194,1
DA:195,1
DA:197,2
DA:198,1
DA:199,1
DA:200,2
DA:202,2
DA:203,2
DA:206,1
DA:207,1
DA:208,3
DA:211,1
DA:212,2
DA:213,3
DA:219,2
DA:220,5
DA:221,2
DA:222,1
DA:223,2
DA:224,2
DA:227,3
DA:229,15
DA:230,9
DA:231,9
DA:232,6
DA:233,3
DA:234,3
DA:236,3
DA:237,3
DA:238,3
DA:240,3
DA:242,3
DA:243,3
DA:245,3
DA:246,3
DA:250,3
DA:252,3
DA:253,3
DA:256,6
DA:257,6
DA:260,6
DA:261,3
DA:264,3
DA:266,3
DA:268,1
DA:269,1
DA:270,3
DA:272,4
DA:276,3
DA:279,3
DA:281,3
DA:283,1
DA:284,1
DA:285,3
DA:287,4
DA:290,2
DA:291,2
DA:294,2
DA:296,2
DA:298,2
DA:301,2
DA:304,2
DA:307,3
DA:308,2
DA:312,3
DA:313,3
DA:314,3
DA:315,3
DA:316,3
DA:317,3
DA:319,3
DA:323,3
DA:324,3
DA:326,3
DA:327,3
DA:330,2
DA:338,6
DA:340,3
DA:342,3
DA:343,3
DA:347,2
LF:174
LH:173
end_of_record
SF:lib/models/drafts.dart
DA:10,6
DA:19,2
DA:20,2
DA:21,2
DA:22,2
DA:23,2
DA:24,2
DA:25,2
DA:26,2
DA:27,2
DA:40,12
DA:42,5
DA:43,5
DA:44,10
DA:45,10
DA:46,10
DA:47,10
DA:48,10
DA:50,4
DA:59,4
DA:60,3
DA:61,3
DA:62,4
DA:63,4
DA:64,4
DA:65,4
DA:69,8
DA:70,4
DA:71,4
DA:72,4
DA:73,4
DA:74,4
DA:75,4
DA:78,6
DA:80,6
DA:81,18
DA:82,18
DA:83,15
DA:84,15
DA:85,15
DA:86,15
DA:88,1
DA:89,1
DA:90,1
DA:91,1
DA:92,1
DA:93,1
DA:94,2
DA:95,1
DA:102,7
DA:111,2
DA:112,2
DA:113,2
DA:114,2
DA:115,2
DA:116,2
DA:117,2
DA:119,4
DA:120,2
DA:132,10
DA:134,3
DA:135,3
DA:136,6
DA:137,6
DA:138,6
DA:139,3
DA:140,6
DA:142,4
DA:151,4
DA:152,3
DA:153,3
DA:154,4
DA:155,4
DA:156,4
DA:157,4
DA:161,10
DA:162,5
DA:163,5
DA:164,5
DA:165,5
DA:166,10
DA:167,5
DA:170,5
DA:172,5
DA:173,15
DA:174,12
DA:175,9
DA:176,9
DA:177,9
DA:178,9
DA:180,1
DA:181,1
DA:182,1
DA:183,1
DA:184,1
DA:185,1
DA:186,1
DA:187,1
LF:98
LH:98
end_of_record
SF:lib/state/care_data_provider.dart
DA:20,45
DA:26,6
DA:38,11
DA:40,33
DA:41,33
DA:45,35
DA:46,2
DA:47,4
DA:51,11
DA:53,11
DA:54,2
DA:55,11
DA:57,33
DA:65,6
DA:66,6
DA:69,2
DA:70,2
DA:74,3
DA:75,6
DA:76,6
DA:78,6
DA:80,9
DA:81,3
DA:82,6
DA:83,6
DA:85,24
DA:87,3
DA:91,6
DA:92,12
DA:94,18
DA:97,6
DA:98,6
DA:101,6
DA:103,6
DA:104,12
DA:105,4
DA:106,6
DA:107,12
DA:109,18
DA:112,24
DA:114,18
DA:115,18
DA:116,24
DA:118,6
DA:123,2
DA:124,4
DA:125,2
DA:126,2
DA:127,2
DA:130,11
DA:131,11
DA:132,22
DA:133,22
DA:134,11
DA:136,11
DA:138,22
DA:139,11
DA:140,55
DA:143,4
DA:144,4
DA:145,8
DA:146,4
DA:153,11
DA:154,16
DA:159,2
DA:165,2
DA:166,4
DA:167,6
DA:168,2
DA:169,2
DA:170,2
DA:171,2
DA:173,2
DA:174,4
DA:175,8
DA:176,2
DA:177,4
DA:178,2
DA:179,4
DA:181,6
DA:186,2
DA:187,2
DA:188,2
DA:192,2
DA:193,6
DA:195,2
DA:196,2
DA:197,2
DA:198,2
DA:201,4
DA:206,1
DA:207,1
DA:208,3
DA:209,1
DA:210,2
DA:212,1
DA:214,4
DA:215,4
DA:216,10
DA:217,2
DA:219,2
DA:220,4
DA:221,2
DA:222,4
DA:224,6
DA:229,2
DA:230,2
DA:231,2
DA:236,3
DA:237,6
DA:239,3
DA:240,9
DA:241,6
DA:242,15
DA:243,3
DA:244,6
DA:245,15
DA:246,3
DA:247,3
DA:248,6
DA:249,3
DA:250,6
DA:252,9
DA:257,3
DA:262,2
DA:269,2
DA:270,4
DA:271,6
DA:272,2
DA:274,2
DA:275,2
DA:276,2
DA:278,6
DA:279,8
DA:280,2
DA:281,4
DA:282,2
DA:283,4
DA:284,2
DA:286,8
DA:291,2
DA:295,2
DA:296,6
DA:297,6
DA:298,4
DA:299,10
DA:300,2
DA:301,2
DA:302,4
DA:303,2
DA:304,4
DA:305,2
DA:307,8
DA:312,2
DA:315,2
DA:316,4
DA:318,6
DA:319,4
DA:320,8
DA:321,2
DA:322,2
DA:323,4
DA:324,2
DA:325,4
DA:326,2
DA:327,6
DA:332,2
DA:338,2
DA:339,4
DA:340,10
DA:341,2
DA:346,36
DA:348,36
DA:351,8
DA:352,31
DA:353,8
DA:354,6
DA:355,21
DA:358,18
DA:359,18
DA:360,27
DA:362,6
DA:363,36
DA:365,3
DA:366,3
DA:367,3
DA:371,33
LF:187
LH:187
end_of_record
SF:lib/state/care_selectors.dart
DA:17,18
DA:18,24
DA:21,30
DA:22,40
DA:25,18
DA:26,24
DA:29,18
DA:30,24
DA:34,36
DA:35,18
DA:36,18
DA:37,45
DA:39,9
DA:40,9
DA:41,9
DA:42,18
DA:43,18
DA:45,9
DA:46,45
DA:54,24
DA:55,12
DA:56,12
DA:57,24
DA:58,12
DA:59,12
DA:61,10
DA:62,4
DA:66,20
DA:67,10
DA:68,10
DA:71,5
DA:72,5
DA:73,5
DA:74,15
DA:75,15
DA:77,5
DA:81,20
DA:82,10
DA:83,10
DA:84,20
DA:90,24
DA:95,12
DA:96,24
DA:97,6
DA:98,6
DA:99,12
DA:101,12
DA:102,6
DA:104,12
DA:105,6
DA:107,24
DA:108,10
DA:109,12
DA:113,20
DA:114,10
DA:115,10
DA:116,5
DA:117,30
DA:118,25
DA:121,12
DA:122,16
DA:135,4
DA:136,4
DA:137,4
DA:138,4
DA:145,4
DA:152,8
DA:153,8
DA:156,8
DA:157,4
DA:158,16
DA:159,4
DA:160,20
DA:162,4
DA:163,8
DA:165,20
DA:166,4
DA:169,4
DA:170,20
DA:171,4
DA:172,20
LF:81
LH:81
end_of_record
SF:lib/features/auth/sign_in_screen.dart
DA:14,1
DA:15,1
DA:16,1
DA:19,1
DA:20,6
DA:32,2
DA:34,4
DA:35,4
DA:43,4
DA:45,8
DA:46,4
DA:49,2
DA:50,3
DA:51,2
DA:53,1
DA:54,3
DA:55,3
DA:57,1
DA:58,3
DA:59,1
DA:60,1
DA:62,2
DA:66,4
DA:68,4
DA:69,4
DA:71,4
DA:72,4
DA:73,4
DA:75,4
DA:76,4
DA:80,4
DA:82,4
DA:84,4
DA:86,4
DA:88,12
DA:89,8
DA:94,4
DA:96,12
DA:97,4
DA:101,4
DA:105,4
DA:108,4
DA:111,4
DA:113,4
DA:117,1
DA:118,1
DA:119,3
DA:122,2
DA:125,4
DA:127,4
DA:131,4
DA:133,4
DA:134,4
DA:138,4
DA:140,4
DA:141,4
DA:142,4
DA:143,4
DA:144,8
LF:59
LH:59
end_of_record
SF:lib/features/caregiver/activity_timeline_screen.dart
DA:15,3
DA:18,2
DA:21,6
DA:22,3
DA:29,2
DA:31,3
DA:33,6
DA:34,9
DA:35,3
DA:36,3
DA:38,3
DA:40,3
DA:41,3
DA:42,3
DA:43,6
DA:44,3
DA:45,3
DA:49,3
DA:63,3
DA:64,1
DA:65,5
DA:68,3
DA:69,0
DA:74,6
DA:75,3
DA:77,3
DA:79,3
DA:80,6
DA:81,9
DA:82,3
DA:88,3
DA:89,3
DA:91,3
DA:93,3
DA:94,3
DA:96,3
DA:97,3
DA:100,3
DA:101,3
DA:108,3
DA:109,3
DA:110,3
DA:111,6
LF:43
LH:42
end_of_record
SF:lib/features/caregiver/caregiver_dashboard_screen.dart
DA:26,2
DA:28,4
DA:30,8
DA:31,8
DA:32,8
DA:33,8
DA:34,8
DA:37,8
DA:39,4
DA:41,4
DA:42,4
DA:44,8
DA:45,4
DA:46,4
DA:47,4
DA:53,4
DA:54,4
DA:59,4
DA:60,0
DA:65,4
DA:66,4
DA:68,4
DA:69,4
DA:70,8
DA:71,12
DA:74,2
DA:75,2
DA:80,4
DA:82,4
DA:84,4
DA:85,4
DA:87,1
DA:88,1
DA:90,4
DA:91,4
DA:93,4
DA:95,2
LF:37
LH:36
end_of_record
SF:lib/features/patient/today_screen.dart
DA:29,2
DA:31,4
DA:33,8
DA:34,8
DA:35,8
DA:36,8
DA:37,8
DA:41,8
DA:45,4
DA:46,4
DA:47,4
DA:51,4
DA:52,4
DA:54,4
DA:55,4
DA:56,4
DA:57,4
DA:58,4
DA:62,4
DA:63,4
DA:64,4
DA:67,4
DA:69,4
DA:70,4
DA:71,4
DA:73,2
DA:74,2
DA:77,1
DA:85,4
DA:87,4
DA:88,2
DA:90,2
DA:92,6
DA:96,4
DA:97,4
DA:99,8
DA:108,4
DA:114,12
DA:115,8
DA:116,4
DA:117,12
DA:118,4
DA:120,8
DA:121,3
DA:126,4
DA:131,4
DA:133,4
DA:135,4
DA:136,4
DA:137,16
DA:139,0
LF:51
LH:50
end_of_record
SF:lib/features/caregiver/caregiver_shell.dart
DA:8,5
DA:12,5
DA:14,5
DA:15,5
DA:16,5
DA:17,10
DA:18,6
DA:20,6
LF:8
LH:8
end_of_record
SF:lib/features/caregiver/manage_screen.dart
DA:20,2
DA:22,3
DA:24,6
DA:25,6
DA:26,6
DA:27,6
DA:29,3
DA:30,3
DA:32,6
DA:33,3
DA:34,3
DA:35,3
DA:41,3
DA:42,3
DA:44,3
DA:45,3
DA:46,3
DA:47,3
DA:48,9
DA:52,3
DA:53,3
DA:54,3
DA:56,3
DA:58,2
DA:59,2
DA:64,3
DA:65,3
DA:69,2
DA:72,3
DA:74,3
DA:75,3
DA:76,3
DA:77,3
DA:79,4
DA:81,3
DA:82,3
DA:86,0
DA:93,3
DA:94,6
DA:96,3
DA:97,6
LF:41
LH:40
end_of_record
SF:lib/features/medications/medication_form_screen.dart
DA:27,4
DA:32,4
DA:34,4
DA:52,4
DA:53,16
DA:55,4
DA:57,4
DA:58,12
DA:59,12
DA:60,12
DA:61,12
DA:64,8
DA:67,4
DA:68,8
DA:70,6
DA:72,8
DA:73,4
DA:77,4
DA:79,8
DA:80,8
DA:81,8
DA:82,4
DA:85,2
DA:86,14
DA:87,14
DA:88,8
DA:89,3
DA:95,2
DA:96,4
DA:97,6
DA:98,4
DA:99,6
DA:100,1
DA:102,6
DA:103,1
DA:105,8
DA:106,1
DA:109,6
DA:112,2
DA:113,6
DA:114,2
DA:115,4
DA:116,12
DA:119,1
DA:122,2
DA:123,6
DA:124,4
DA:125,6
DA:127,4
DA:131,1
DA:132,4
DA:133,1
DA:136,4
DA:138,1
DA:139,1
DA:140,2
DA:141,2
DA:142,1
DA:143,3
DA:145,2
DA:146,3
DA:150,1
DA:151,1
DA:152,1
DA:153,1
DA:154,1
DA:157,2
DA:158,1
DA:159,1
DA:160,1
DA:162,3
DA:163,3
DA:165,2
DA:168,1
DA:169,1
DA:170,1
DA:175,1
DA:176,3
DA:177,2
DA:178,4
DA:179,1
DA:181,3
DA:184,1
DA:185,2
DA:186,2
DA:187,5
DA:194,4
DA:196,16
DA:197,12
DA:198,12
DA:199,8
DA:200,4
DA:202,4
DA:203,4
DA:204,4
DA:206,4
DA:208,4
DA:209,4
DA:211,4
DA:212,4
DA:216,4
DA:218,4
DA:219,4
DA:222,8
DA:223,8
DA:226,8
DA:227,6
DA:228,6
DA:229,4
DA:230,4
DA:231,4
DA:232,4
DA:233,4
DA:234,4
DA:236,4
DA:240,4
DA:241,4
DA:243,4
DA:244,4
DA:247,2
DA:264,8
DA:265,4
DA:268,4
DA:270,4
DA:272,1
DA:273,4
DA:274,4
DA:278,4
DA:281,4
DA:283,4
DA:285,1
DA:286,4
DA:287,4
DA:292,2
DA:293,4
DA:294,4
DA:295,2
DA:296,6
DA:298,4
DA:299,1
DA:301,3
DA:302,1
DA:305,2
DA:306,2
DA:307,4
DA:309,2
DA:310,4
DA:311,4
DA:312,2
DA:313,4
DA:315,2
DA:319,2
DA:320,1
DA:322,1
DA:324,1
DA:325,1
DA:326,3
DA:327,1
DA:333,2
DA:334,2
DA:338,2
DA:340,2
DA:341,2
DA:344,2
DA:346,1
DA:347,4
DA:352,2
DA:353,4
DA:354,2
DA:355,2
DA:356,2
DA:357,4
DA:359,2
DA:360,2
DA:362,2
DA:363,2
DA:365,6
DA:367,8
DA:372,2
DA:373,2
DA:375,2
DA:377,2
DA:378,6
DA:379,6
DA:380,4
DA:381,2
DA:383,6
DA:385,2
LF:188
LH:188
end_of_record
SF:lib/features/patient/appointments_screen.dart
DA:18,2
DA:20,3
DA:22,6
DA:23,6
DA:25,3
DA:26,3
DA:28,3
DA:29,3
DA:30,3
DA:31,3
DA:32,3
DA:36,3
DA:37,3
DA:38,3
DA:39,1
DA:45,3
DA:46,3
DA:47,3
DA:48,3
DA:50,1
DA:51,3
DA:53,3
DA:54,3
DA:58,2
LF:24
LH:24
end_of_record
SF:lib/features/patient/medication_detail_screen.dart
DA:25,5
DA:29,5
DA:31,20
DA:32,10
DA:33,10
DA:34,5
DA:35,5
DA:37,5
DA:38,1
DA:40,1
DA:41,1
DA:42,1
DA:44,2
DA:52,10
DA:53,25
DA:54,5
DA:55,5
DA:56,5
DA:57,5
DA:59,5
DA:60,5
DA:61,5
DA:63,5
DA:64,5
DA:65,5
DA:66,5
DA:67,5
DA:71,5
DA:72,5
DA:73,5
DA:74,5
DA:76,5
DA:78,5
DA:79,5
DA:80,5
DA:82,5
DA:83,10
DA:85,10
DA:87,5
DA:88,5
DA:89,15
DA:90,5
DA:99,5
DA:100,0
DA:102,5
DA:103,5
DA:105,5
DA:107,5
DA:111,4
DA:114,5
DA:116,10
DA:119,2
DA:126,1
DA:131,1
DA:132,1
DA:134,2
DA:135,3
DA:136,2
DA:137,1
DA:140,1
DA:141,1
DA:142,3
DA:145,1
DA:146,2
DA:147,3
DA:153,2
DA:154,5
DA:155,1
DA:156,3
DA:157,1
DA:162,5
DA:172,5
DA:174,5
DA:175,5
DA:176,5
DA:178,5
DA:180,5
DA:181,5
DA:182,20
DA:183,10
DA:186,15
DA:187,15
DA:189,5
DA:190,5
DA:191,5
DA:192,5
DA:193,1
DA:194,3
DA:199,5
DA:200,2
DA:212,1
DA:213,3
DA:214,3
DA:215,1
DA:216,3
DA:217,1
DA:219,3
DA:220,4
LF:98
LH:97
end_of_record
SF:lib/features/patient/medications_screen.dart
DA:22,2
DA:24,4
DA:26,8
DA:27,8
DA:29,4
DA:30,4
DA:32,4
DA:33,4
DA:34,4
DA:35,4
DA:36,4
DA:40,4
DA:41,4
DA:42,4
DA:43,1
DA:49,4
DA:50,4
DA:51,4
DA:52,4
DA:54,2
DA:55,6
DA:59,4
DA:60,4
DA:64,4
DA:74,4
DA:83,4
DA:85,8
DA:86,20
DA:87,4
DA:88,4
DA:90,4
DA:91,4
DA:94,4
DA:95,4
DA:96,4
DA:97,4
DA:98,4
DA:102,4
DA:104,4
DA:106,4
DA:107,4
DA:108,8
DA:109,8
DA:113,4
DA:115,0
DA:120,12
DA:122,4
DA:123,8
DA:124,12
DA:125,4
LF:50
LH:49
end_of_record
SF:lib/features/patient/patient_shell.dart
DA:9,8
DA:13,8
DA:15,8
DA:16,8
DA:17,8
DA:18,16
DA:19,3
DA:22,3
LF:8
LH:8
end_of_record
SF:lib/features/settings/app_settings_screen.dart
DA:20,2
DA:24,2
DA:26,4
DA:27,4
DA:28,4
DA:29,4
DA:30,2
DA:31,2
DA:33,2
DA:34,2
DA:35,2
DA:36,2
DA:38,2
DA:39,4
DA:41,2
DA:43,2
DA:44,2
DA:46,2
DA:47,2
DA:49,2
DA:51,2
DA:52,6
DA:53,6
DA:55,2
DA:56,6
DA:57,6
DA:58,2
DA:66,2
DA:73,2
DA:74,1
DA:75,3
DA:76,2
DA:79,2
DA:81,2
DA:82,2
DA:85,4
DA:86,4
DA:89,2
DA:90,2
DA:94,2
DA:98,2
DA:101,2
DA:105,5
DA:108,2
DA:110,6
DA:111,2
DA:119,1
DA:124,3
DA:125,3
DA:127,1
DA:130,1
DA:133,1
DA:135,2
DA:139,1
DA:140,1
DA:141,1
DA:142,1
DA:143,1
DA:147,1
DA:148,1
DA:156,1
DA:157,4
DA:158,1
DA:159,1
DA:163,1
DA:169,1
DA:171,2
DA:172,1
DA:173,1
DA:174,1
DA:175,1
DA:176,3
DA:179,1
DA:180,3
DA:181,1
LF:75
LH:75
end_of_record
SF:lib/features/settings/caregiver_access_screen.dart
DA:18,2
DA:27,2
DA:29,4
DA:30,2
DA:31,8
DA:33,2
DA:34,2
DA:35,2
DA:37,2
DA:38,2
DA:41,2
DA:42,2
DA:44,2
DA:45,2
DA:49,2
DA:50,2
DA:51,2
DA:52,2
DA:54,2
DA:55,4
DA:56,4
DA:60,4
DA:61,2
DA:62,2
DA:64,2
DA:66,2
DA:67,2
DA:69,2
DA:72,2
DA:77,2
DA:78,6
DA:83,2
DA:84,4
DA:87,6
DA:88,2
DA:92,2
DA:94,2
DA:95,2
DA:97,4
DA:98,2
DA:100,2
DA:101,1
DA:104,1
DA:105,3
DA:106,1
LF:45
LH:45
end_of_record
SF:lib/features/settings/notifications_settings_screen.dart
DA:19,2
DA:21,3
DA:23,6
DA:24,9
DA:25,3
DA:26,3
DA:28,3
DA:30,3
DA:31,3
DA:32,3
DA:38,3
DA:39,2
DA:41,3
DA:42,3
DA:45,3
DA:47,9
DA:48,3
DA:51,3
DA:61,3
DA:64,3
DA:67,3
DA:68,3
DA:69,3
DA:70,3
DA:71,3
DA:73,3
DA:74,3
LF:27
LH:27
end_of_record
SF:lib/features/settings/settings_screen.dart
DA:16,2
DA:18,3
DA:20,6
DA:21,6
DA:22,6
DA:23,9
DA:24,3
DA:26,3
DA:27,3
DA:29,3
DA:30,3
DA:31,3
DA:32,3
DA:33,3
DA:34,3
DA:37,3
DA:38,3
DA:44,3
DA:45,3
DA:46,3
DA:51,3
DA:53,3
DA:54,3
DA:58,6
DA:60,3
DA:62,3
DA:67,3
LF:27
LH:27
end_of_record
SF:lib/router/redirects.dart
DA:11,10
DA:14,5
DA:16,20
DA:17,30
DA:20,20
DA:23,20
LF:6
LH:6
end_of_record
SF:lib/core/utils/contrast.dart
DA:13,1
DA:14,1
DA:15,1
DA:16,4
DA:20,1
DA:21,2
DA:22,2
DA:23,2
DA:24,5
DA:28,1
DA:29,1
DA:30,1
DA:31,1
DA:32,1
DA:33,3
DA:41,1
DA:42,1
DA:43,1
LF:18
LH:18
end_of_record
